# RDTSC correction=21
# R sum=200
# step=4096
# N=200
# offset[-] time[clk] 
       0      777 
    4096      232 
    8192      461 
   12288      232 
   16384      232 
   20480      232 
   24576      232 
   28672      268 
   32768      232 
   36864      232 
   40960      226 
   45056      461 
   49152      232 
   53248      232 
   57344      235 
   61440     1132 
   65536     1042 
   69632      229 
   73728      432 
   77824      203 
   81920      200 
   86016      203 
   90112      203 
   94208      203 
   98304      200 
  102400      203 
  106496      429 
  110592      232 
  114688      232 
  118784      232 
  122880      235 
  126976      232 
  131072      232 
  135168      232 
  139264      432 
  143360      203 
  147456      203 
  151552      203 
  155648      203 
  159744      203 
  163840      203 
  167936      203 
  172032      197 
  176128      432 
  180224      232 
  184320      232 
  188416      232 
  192512      232 
  196608      232 
  200704      232 
  204800      429 
  208896      423 
  212992      229 
  217088      232 
  221184      229 
  225280      271 
  229376      232 
  233472      268 
  237568      456 
  241664      232 
  245760      229 
  249856      232 
  253952      232 
  258048      232 
  262144     1248 
  266240      203 
  270336      432 
  274432      271 
  278528      203 
  282624      203 
  286720     1102 
  290816      229 
  294912      229 
  299008      232 
  303104      429 
  307200      232 
  311296      232 
  315392      232 
  319488      235 
  323584      232 
  327680      232 
  331776      268 
  335872     1159 
  339968      232 
  344064      232 
  348160      232 
  352256      232 
  356352      232 
  360448      196 
  364544      232 
  368640      539 
  372736      232 
  376832      193 
  380928      232 
  385024      232 
  389120      232 
  393216      161 
  397312      203 
  401408      464 
  405504      232 
  409600      268 
  413696      232 
  417792      232 
  421888      232 
  425984      190 
  430080      232 
  434176      432 
  438272      203 
  442368      203 
  446464      203 
  450560      203 
  454656      203 
  458752      203 
  462848      203 
  466944      432 
  471040      232 
  475136      229 
  479232      232 
  483328      235 
  487424      223 
  491520      229 
  495616      232 
  499712      432 
  503808      232 
  507904      232 
  512000      232 
  516096      235 
  520192      232 
  524288      232 
  528384      232 
  532480      458 
  536576      232 
  540672      232 
  544768      232 
  548864      229 
  552960      232 
  557056      271 
  561152      232 
  565248      226 
  569344      500 
  573440      232 
  577536      232 
  581632      232 
  585728      232 
  589824      229 
  593920      232 
  598016      432 
  602112      203 
  606208      203 
  610304      203 
  614400      200 
  618496      206 
  622592      203 
  626688      638 
  630784      429 
  634880      232 
  638976      232 
  643072      232 
  647168      232 
  651264      232 
  655360      229 
  659456      232 
  663552      432 
  667648      203 
  671744      203 
  675840      203 
  679936      206 
  684032      203 
  688128      200 
  692224      203 
  696320      432 
  700416      232 
  704512      271 
  708608      203 
  712704      203 
  716800      203 
  720896      197 
  724992      354 
  729088      464 
  733184      232 
  737280      232 
  741376      232 
  745472      235 
  749568      232 
  753664      232 
  757760      232 
  761856      429 
  765952      232 
  770048     1161 
  774144      232 
  778240      235 
  782336      232 
  786432      232 
  790528      232 
  794624      432 
  798720      232 
  802816      232 
  806912      232 
  811008      229 
  815104      232 
