# RDTSC correction=21
# R sum=200
# step=64
# N=200
# offset[-] time[clk] 
       0      727 
      64      181 
     128      217 
     192      149 
     256       32 
     320      107 
     384       68 
     448      110 
     512       80 
     576      116 
     640       65 
     704      107 
     768        3 
     832       32 
     896        3 
     960       29 
    1024        3 
    1088        0 
    1152        3 
    1216        3 
    1280        3 
    1344        3 
    1408       29 
    1472        3 
    1536       29 
    1600        3 
    1664        3 
    1728        3 
    1792        3 
    1856        3 
    1920        3 
    1984       29 
    2048        3 
    2112       29 
    2176        3 
    2240        3 
    2304        3 
    2368        3 
    2432        0 
    2496        3 
    2560       29 
    2624        3 
    2688       32 
    2752        3 
    2816        3 
    2880        3 
    2944        3 
    3008        0 
    3072        3 
    3136       29 
    3200        3 
    3264       32 
    3328        3 
    3392        3 
    3456        0 
    3520        3 
    3584        0 
    3648        3 
    3712       32 
    3776        3 
    3840       32 
    3904        3 
    3968        3 
    4032        0 
    4096        3 
    4160      146 
    4224        3 
    4288       32 
    4352      113 
    4416        3 
    4480      149 
    4544        3 
    4608      178 
    4672        3 
    4736      178 
    4800        3 
    4864       32 
    4928        3 
    4992       53 
    5056        3 
    5120       32 
    5184        3 
    5248        3 
    5312        0 
    5376        3 
    5440        0 
    5504        3 
    5568       32 
    5632        3 
    5696       32 
    5760        0 
    5824        3 
    5888        0 
    5952        3 
    6016        3 
    6080        3 
    6144       32 
    6208        3 
    6272       32 
    6336        0 
    6400        3 
    6464        0 
    6528        3 
    6592        3 
    6656        3 
    6720       32 
    6784        0 
    6848       32 
    6912        0 
    6976        3 
    7040        3 
    7104        3 
    7168        3 
    7232        3 
    7296       32 
    7360        0 
    7424       32 
    7488        0 
    7552        3 
    7616        3 
    7680        3 
    7744        3 
    7808        0 
    7872       32 
    7936        0 
    8000       32 
    8064        3 
    8128        3 
    8192      831 
    8256      149 
    8320       32 
    8384      116 
    8448        3 
    8512       78 
    8576       42 
    8640      131 
    8704       24 
    8768       75 
    8832       72 
    8896      104 
    8960        3 
    9024        3 
    9088        3 
    9152        0 
    9216        3 
    9280        0 
    9344       32 
    9408        3 
    9472       32 
    9536        3 
    9600        0 
    9664        3 
    9728        0 
    9792        3 
    9856        3 
    9920       32 
    9984        3 
   10048       32 
   10112        3 
   10176        0 
   10240        3 
   10304        0 
   10368        3 
   10432        3 
   10496       32 
   10560        3 
   10624       29 
   10688        3 
   10752        0 
   10816        3 
   10880        3 
   10944        3 
   11008        3 
   11072       32 
   11136        3 
   11200       29 
   11264        3 
   11328        0 
   11392        3 
   11456        3 
   11520        3 
   11584        3 
   11648       29 
   11712        3 
   11776       29 
   11840        3 
   11904        3 
   11968        3 
   12032        3 
   12096        3 
   12160        3 
   12224       29 
   12288        3 
   12352      175 
   12416        3 
   12480      107 
   12544       35 
   12608      110 
   12672      113 
   12736        3 
