# RDTSC correction=21
# R sum=4096
# step=4096
# N=4096
# offset[-] time[clk] 
       0      816 
    4096      232 
    8192      226 
   12288      485 
   16384      232 
   20480      197 
   24576      200 
   28672      197 
   32768      203 
   36864      203 
   40960      203 
   45056      426 
   49152      232 
   53248      226 
   57344      232 
   61440      229 
   65536      232 
   69632      229 
   73728      161 
   77824      449 
   81920      229 
   86016     1084 
   90112      226 
   94208      825 
   98304      193 
  102400      229 
  106496      197 
  110592      420 
  114688      193 
  118784      235 
  122880      200 
  126976      200 
  131072      307 
  135168      226 
  139264      268 
  143360      468 
  147456      229 
  151552      229 
  155648      196 
  159744      232 
  163840      232 
  167936      229 
  172032      158 
  176128      452 
  180224      235 
  184320      229 
  188416      164 
  192512      197 
  196608      229 
  200704      226 
  204800      336 
  208896      423 
  212992      226 
  217088      229 
  221184      229 
  225280      226 
  229376      190 
  233472      229 
  237568      268 
  241664      423 
  245760      164 
  249856      229 
  253952      232 
  258048      232 
  262144      190 
  266240      235 
  270336      200 
  274432      417 
  278528      226 
  282624      265 
  286720      226 
  290816      336 
  294912      229 
  299008      226 
  303104      229 
  307200      462 
  311296      203 
  315392     1102 
  319488      232 
  323584      197 
  327680     1147 
  331776      193 
  335872      235 
  339968      423 
  344064      226 
  348160      193 
  352256      232 
  356352      232 
  360448      235 
  364544      161 
  368640      200 
  372736      455 
  376832      232 
  380928      164 
  385024      197 
  389120      226 
  393216      226 
  397312      232 
  401408      229 
  405504      452 
  409600      235 
  413696      197 
  417792      197 
  421888      200 
  425984      197 
  430080      226 
  434176      232 
  438272      491 
  442368      226 
  446464      226 
  450560      229 
  454656      229 
  458752      232 
  462848      226 
  466944      268 
  471040      455 
  475136      232 
  479232      235 
  483328      200 
  487424      265 
  491520      265 
  495616      226 
  499712      229 
  503808      429 
  507904      203 
  512000      200 
  516096      203 
  520192      200 
  524288      206 
  528384      197 
  532480      229 
  536576      452 
  540672      229 
  544768      229 
  548864      229 
  552960      229 
  557056      235 
  561152      197 
  565248      200 
  569344      420 
  573440      268 
  577536      232 
  581632      232 
  585728      229 
  589824      238 
  593920      229 
  598016      229 
  602112      455 
  606208      197 
  610304      197 
  614400      212 
  618496      200 
  622592      200 
  626688      203 
  630784      200 
  634880      465 
  638976      235 
  643072      235 
  647168      235 
  651264      229 
  655360      226 
  659456      226 
  663552      235 
  667648      429 
  671744      200 
  675840      197 
  679936      203 
  684032      268 
  688128      229 
  692224      229 
  696320      232 
  700416      429 
  704512      229 
  708608      268 
  712704      206 
  716800      203 
  720896      200 
  724992      297 
  729088      232 
  733184      423 
  737280      229 
  741376      229 
  745472      229 
  749568      226 
  753664      229 
  757760      229 
  761856      226 
  765952      417 
  770048      229 
  774144      232 
  778240      229 
  782336      336 
  786432      229 
  790528      226 
  794624      197 
  798720      465 
  802816      200 
  806912      232 
  811008      232 
  815104      226 
  819200      226 
  823296     1176 
  827392      229 
  831488      497 
  835584      232 
  839680      226 
  843776      232 
  847872      265 
  851968      226 
  856064      226 
  860160      229 
  864256      426 
  868352      229 
  872448      265 
  876544      200 
  880640      200 
  884736      226 
  888832      229 
  892928      229 
  897024      455 
  901120      232 
  905216      232 
  909312      235 
  913408      197 
  917504      197 
  921600      203 
  925696      206 
  929792      423 
  933888      226 
  937984      164 
  942080      203 
  946176      197 
  950272      226 
  954368      190 
  958464      229 
  962560      420 
  966656      229 
  970752      190 
  974848      232 
  978944      226 
  983040      229 
  987136      164 
  991232      203 
  995328      426 
  999424      232 
 1003520      164 
 1007616      206 
 1011712      203 
 1015808      206 
 1019904      203 
 1024000      206 
 1028096      465 
 1032192      193 
 1036288      226 
 1040384      226 
 1044480      232 
 1048576      232 
 1052672      229 
 1056768      232 
 1060864      426 
 1064960      226 
 1069056      232 
 1073152      226 
 1077248      229 
 1081344      229 
 1085440      161 
 1089536      197 
 1093632      462 
 1097728      232 
 1101824      229 
 1105920      229 
 1110016      199 
 1114112      226 
 1118208      226 
 1122304      229 
 1126400      426 
 1130496      229 
 1134592      226 
 1138688      196 
 1142784      229 
 1146880      232 
 1150976      232 
 1155072      164 
 1159168      512 
 1163264      229 
 1167360      229 
 1171456      229 
 1175552      226 
 1179648      378 
 1183744      232 
 1187840      232 
 1191936      423 
 1196032      203 
 1200128      203 
 1204224      158 
 1208320      226 
 1212416      229 
 1216512      226 
 1220608      167 
 1224704      423 
 1228800      229 
 1232896      161 
 1236992      203 
 1241088      200 
 1245184      203 
 1249280      161 
 1253376      232 
 1257472      423 
 1261568      307 
 1265664      229 
 1269760      232 
 1273856      232 
 1277952      226 
 1282048      336 
 1286144      200 
 1290240      417 
 1294336      229 
 1298432      336 
 1302528      235 
 1306624      200 
 1310720      200 
 1314816      158 
 1318912      226 
 1323008      426 
 1327104      158 
 1331200      226 
 1335296      229 
 1339392      226 
 1343488      336 
 1347584      200 
 1351680      307 
 1355776      452 
 1359872      232 
 1363968      232 
 1368064      235 
 1372160     1022 
 1376256      200 
 1380352      229 
 1384448      229 
 1388544      452 
 1392640      226 
 1396736      226 
 1400832      232 
 1404928      164 
 1409024      235 
 1413120      226 
 1417216      226 
 1421312      423 
 1425408      200 
 1429504      200 
 1433600      200 
 1437696      161 
 1441792      232 
 1445888      232 
 1449984      229 
 1454080      545 
 1458176      232 
 1462272      193 
 1466368      235 
 1470464      265 
 1474560      226 
 1478656      193 
 1482752      229 
 1486848      429 
 1490944      229 
 1495040      187 
 1499136      229 
 1503232      268 
 1507328      229 
 1511424      265 
 1515520      193 
 1519616      652 
 1523712      232 
 1527808      229 
 1531904      232 
 1536000      232 
 1540096      161 
 1544192      200 
 1548288      229 
 1552384      488 
 1556480      193 
 1560576      229 
 1564672      226 
 1568768      229 
 1572864      164 
 1576960      232 
 1581056      226 
 1585152      652 
 1589248      229 
 1593344      226 
 1597440      226 
 1601536      193 
 1605632      200 
 1609728      197 
 1613824      197 
 1617920      533 
 1622016      200 
 1626112      200 
 1630208      200 
 1634304      158 
 1638400      226 
 1642496      232 
 1646592      235 
 1650688      423 
 1654784      203 
 1658880      197 
 1662976      229 
 1667072      190 
 1671168      232 
 1675264      226 
 1679360      229 
 1683456      539 
 1687552      232 
 1691648      232 
 1695744      229 
 1699840      193 
 1703936      197 
 1708032      200 
 1712128      197 
 1716224      420 
 1720320      164 
 1724416      203 
 1728512      203 
 1732608      203 
 1736704      158 
 1740800      226 
 1744896      232 
 1748992      426 
 1753088      164 
 1757184      226 
 1761280      229 
 1765376      226 
 1769472      167 
 1773568      200 
 1777664      200 
 1781760      423 
 1785856      164 
 1789952      203 
 1794048      200 
 1798144      200 
 1802240      336 
 1806336      229 
 1810432      229 
 1814528      488 
 1818624      167 
 1822720      200 
 1826816      229 
 1830912      232 
 1835008      229 
 1839104      190 
 1843200      226 
 1847296      423 
 1851392      232 
 1855488      333 
 1859584      229 
 1863680      229 
 1867776      226 
 1871872      164 
 1875968      203 
 1880064      423 
 1884160      232 
 1888256      164 
 1892352      206 
 1896448      200 
 1900544      200 
 1904640      190 
 1908736      229 
 1912832      491 
 1916928     2112 
 1921024      190 
 1925120      229 
 1929216      229 
 1933312      235 
 1937408      161 
 1941504      203 
 1945600      429 
 1949696      229 
 1953792      161 
 1957888      197 
 1961984      203 
 1966080      197 
 1970176      226 
 1974272      190 
 1978368      420 
 1982464      229 
 1986560      226 
 1990656      196 
 1994752      229 
 1998848      271 
 2002944      232 
 2007040      193 
 2011136      423 
 2015232      232 
 2019328      232 
 2023424      336 
 2027520      229 
 2031616      235 
 2035712      229 
 2039808      164 
 2043904      423 
 2048000      232 
 2052096      229 
 2056192      158 
 2060288      226 
 2064384      229 
 2068480      235 
 2072576      190 
 2076672      426 
 2080768      232 
 2084864      229 
 2088960      229 
 2093056      232 
 2097152      190 
 2101248      226 
 2105344      229 
 2109440      506 
 2113536      164 
 2117632      229 
 2121728      229 
 2125824      226 
 2129920      190 
 2134016      229 
 2138112      229 
 2142208      420 
 2146304      196 
 2150400      229 
 2154496      226 
 2158592      229 
 2162688      164 
 2166784      232 
 2170880      232 
 2174976      494 
 2179072      190 
 2183168      226 
 2187264      229 
 2191360      232 
 2195456      161 
 2199552      232 
 2203648      235 
 2207744      619 
 2211840      158 
 2215936      203 
 2220032      206 
 2224128      200 
 2228224      197 
 2232320      190 
 2236416      229 
 2240512      491 
 2244608      232 
 2248704      158 
 2252800      229 
 2256896      229 
 2260992      232 
 2265088      193 
 2269184      229 
 2273280      426 
 2277376      235 
 2281472      190 
 2285568      232 
 2289664      232 
 2293760      229 
 2297856      158 
 2301952      226 
 2306048      491 
 2310144      229 
 2314240      193 
 2318336      232 
 2322432      226 
 2326528      197 
 2330624      164 
 2334720      229 
 2338816      455 
 2342912      232 
 2347008      235 
 2351104      161 
 2355200      229 
 2359296      229 
 2363392      229 
 2367488      190 
 2371584      509 
 2375680      226 
 2379776      232 
 2383872      167 
 2387968      232 
 2392064      232 
 2396160      226 
 2400256      196 
 2404352      429 
 2408448      235 
 2412544     1066 
 2416640      196 
 2420736      831 
 2424832      229 
 2428928      226 
 2433024      190 
 2437120      462 
 2441216      200 
 2445312      200 
 2449408     1117 
 2453504      226 
 2457600      232 
 2461696      232 
 2465792      307 
 2469888      423 
 2473984      226 
 2478080      226 
 2482176      229 
 2486272      161 
 2490368      232 
 2494464      226 
 2498560      226 
 2502656      494 
 2506752      232 
 2510848      229 
 2514944      229 
 2519040      158 
 2523136      200 
 2527232      268 
 2531328      232 
 2535424      426 
 2539520      229 
 2543616      241 
 2547712      235 
 2551808      190 
 2555904      232 
 2560000      232 
 2564096      229 
 2568192      423 
 2572288      226 
 2576384      226 
 2580480      232 
 2584576      193 
 2588672      232 
 2592768      197 
 2596864      200 
 2600960      462 
 2605056      190 
 2609152      226 
 2613248      229 
 2617344      229 
 2621440      161 
 2625536      200 
 2629632      206 
 2633728      429 
 2637824      161 
 2641920      197 
 2646016      200 
 2650112      200 
 2654208      190 
 2658304      229 
 2662400      229 
 2666496     1275 
 2670592      164 
 2674688      965 
 2678784      909 
 2682880      197 
 2686976      190 
 2691072      229 
 2695168      229 
 2699264      417 
 2703360      193 
 2707456      229 
 2711552      229 
 2715648      229 
 2719744      158 
 2723840      203 
 2727936      206 
 2732032      423 
 2736128      226 
 2740224      164 
 2744320      203 
 2748416      203 
 2752512      200 
 2756608      187 
 2760704      226 
 2764800      423 
 2768896      232 
 2772992      336 
 2777088      229 
 2781184      226 
 2785280      226 
 2789376      164 
 2793472      203 
 2797568      462 
 2801664      232 
 2805760      193 
 2809856      235 
 2813952      226 
 2818048      229 
 2822144      161 
 2826240      232 
 2830336      452 
 2834432      226 
 2838528      161 
 2842624      229 
 2846720      229 
 2850816      226 
 2854912      226 
 2859008      229 
 2863104      455 
 2867200      235 
 2871296      197 
 2875392      197 
 2879488      164 
 2883584      232 
 2887680      226 
 2891776      232 
 2895872      426 
 2899968      206 
 2904064      203 
 2908160      200 
 2912256      167 
 2916352      232 
 2920448      229 
 2924544      229 
 2928640      488 
 2932736      229 
 2936832      229 
 2940928      232 
 2945024      161 
 2949120      226 
 2953216      229 
 2957312      232 
 2961408      417 
 2965504      200 
 2969600      200 
 2973696      203 
 2977792     1043 
 2981888      203 
 2985984      164 
 2990080      235 
 2994176      494 
 2998272      232 
 3002368      161 
 3006464      197 
 3010560      229 
 3014656      232 
 3018752      187 
 3022848      229 
 3026944      423 
 3031040      226 
 3035136      190 
 3039232      229 
 3043328      226 
 3047424      232 
 3051520      164 
 3055616      206 
 3059712      483 
 3063808      200 
 3067904      187 
 3072000      226 
 3076096      229 
 3080192      235 
 3084288      161 
 3088384      203 
 3092480      423 
 3096576      232 
 3100672      161 
 3104768      206 
 3108864      161 
 3112960      229 
 3117056      229 
 3121152      229 
 3125248      426 
 3129344      197 
 3133440      226 
 3137536      232 
 3141632      193 
 3145728      235 
 3149824      229 
 3153920      226 
 3158016      426 
 3162112      229 
 3166208      226 
 3170304      226 
 3174400      193 
 3178496      232 
 3182592      197 
 3186688      200 
 3190784      426 
 3194880      235 
 3198976      229 
 3203072      229 
 3207168      161 
 3211264      197 
 3215360      200 
 3219456      203 
 3223552      423 
 3227648      229 
 3231744      232 
 3235840      232 
 3239936      229 
 3244032      229 
 3248128      158 
 3252224      226 
 3256320      452 
 3260416      232 
 3264512      158 
 3268608      229 
 3272704      229 
 3276800      226 
 3280896      190 
 3284992      229 
 3289088      509 
 3293184      229 
 3297280      307 
 3301376      232 
 3305472      229 
 3309568      229 
 3313664      190 
 3317760      229 
 3321856      426 
 3325952      235 
 3330048      190 
 3334144      232 
 3338240      226 
 3342336      226 
 3346432      161 
 3350528      765 
 3354624      420 
 3358720      203 
 3362816      203 
 3366912      206 
 3371008      197 
 3375104      226 
 3379200      229 
 3383296      268 
 3387392      456 
 3391488      229 
 3395584      226 
 3399680      232 
 3403776      226 
 3407872      232 
 3411968      229 
 3416064      229 
 3420160      426 
 3424256      268 
 3428352      229 
 3432448      229 
 3436544      229 
 3440640      232 
 3444736      232 
 3448832      161 
 3452928      488 
 3457024      226 
 3461120      229 
 3465216      193 
 3469312      232 
 3473408      197 
 3477504      197 
 3481600      164 
 3485696      423 
 3489792      265 
 3493888      232 
 3497984      164 
 3502080      206 
 3506176      203 
 3510272      197 
 3514368      196 
 3518464      423 
 3522560      203 
 3526656      197 
 3530752     1048 
 3534848      232 
 3538944      226 
 3543040      226 
 3547136      193 
 3551232      432 
 3555328      232 
 3559424      229 
 3563520      190 
 3567616      226 
 3571712      232 
 3575808      232 
 3579904      307 
 3584000      458 
 3588096      229 
 3592192      229 
 3596288      158 
 3600384      229 
 3604480      303 
 3608576      200 
 3612672      164 
 3616768      452 
 3620864      235 
 3624960      197 
 3629056      307 
 3633152      232 
 3637248      226 
 3641344      226 
 3645440      193 
 3649536      423 
 3653632      229 
 3657728      229 
 3661824      190 
 3665920      226 
 3670016      232 
 3674112      232 
 3678208      161 
 3682304      497 
 3686400      226 
 3690496      229 
 3694592      161 
 3698688     1159 
 3702784      229 
 3706880      956 
 3710976      167 
 3715072     1066 
 3719168      229 
 3723264      947 
 3727360      190 
 3731456      226 
 3735552      271 
 3739648      229 
 3743744      232 
 3747840     1084 
 3751936      196 
 3756032      229 
 3760128      229 
 3764224      232 
 3768320      158 
 3772416      229 
 3776512      300 
 3780608      426 
 3784704      190 
 3788800      226 
 3792896      229 
 3796992      197 
 3801088      161 
 3805184      229 
 3809280      229 
 3813376      420 
 3817472      167 
 3821568      229 
 3825664      226 
 3829760      226 
 3833856      193 
 3837952      232 
 3842048      232 
 3846144      423 
 3850240      196 
 3854336      229 
 3858432      232 
 3862528      232 
 3866624      197 
 3870720      197 
 3874816      164 
 3878912      461 
 3883008      232 
 3887104      197 
 3891200      167 
 3895296      229 
 3899392      229 
 3903488      229 
 3907584      190 
 3911680      420 
 3915776      229 
 3919872      229 
 3923968      187 
 3928064      226 
 3932160      232 
 3936256      197 
 3940352      167 
 3944448      455 
 3948544      229 
 3952640      197 
 3956736      161 
 3960832      229 
 3964928      229 
 3969024      229 
 3973120      190 
 3977216      423 
 3981312      232 
 3985408      229 
 3989504      193 
 3993600      226 
 3997696      167 
 4001792      229 
 4005888      232 
 4009984      458 
 4014080      158 
 4018176      226 
 4022272      235 
 4026368      232 
 4030464      193 
 4034560      229 
 4038656      229 
 4042752     1370 
 4046848      164 
 4050944      200 
 4055040      197 
 4059136      200 
 4063232      164 
 4067328      229 
 4071424      229 
 4075520      506 
 4079616      161 
 4083712      197 
 4087808      203 
 4091904      203 
 4096000      158 
 4100096      226 
 4104192      229 
 4108288      423 
 4112384      187 
 4116480      229 
 4120576      226 
 4124672      229 
 4128768      235 
 4132864      229 
 4136960      164 
 4141056      426 
 4145152      229 
 4149248      229 
 4153344      164 
 4157440      200 
 4161536      229 
 4165632      378 
 4169728      200 
 4173824      607 
 4177920      229 
 4182016      229 
 4186112      158 
 4190208      200 
 4194304      206 
 4198400      203 
 4202496      164 
 4206592      420 
 4210688      197 
 4214784      229 
 4218880      190 
 4222976      232 
 4227072      229 
 4231168      226 
 4235264      167 
 4239360      429 
 4243456      226 
 4247552      265 
 4251648      232 
 4255744      268 
 4259840      203 
 4263936      158 
 4268032      229 
 4272128      426 
 4276224      200 
 4280320      158 
 4284416      226 
 4288512      226 
 4292608      229 
 4296704      161 
 4300800      203 
 4304896      423 
 4308992      226 
 4313088      161 
 4317184      200 
 4321280      200 
 4325376      200 
 4329472      161 
 4333568      229 
 4337664      491 
 4341760      235 
 4345856      161 
 4349952      200 
 4354048      226 
 4358144      226 
 4362240      193 
 4366336      232 
 4370432      423 
 4374528      235 
 4378624      232 
 4382720      226 
 4386816      193 
 4390912      229 
 4395008     1299 
 4399104      691 
 4403200      420 
 4407296      229 
 4411392      229 
 4415488      232 
 4419584      193 
 4423680      229 
 4427776      226 
 4431872      229 
 4435968      429 
 4440064      387 
 4444160      229 
 4448256      226 
 4452352      196 
 4456448      232 
 4460544      232 
 4464640      229 
 4468736      420 
 4472832      229 
 4476928      229 
 4481024      229 
 4485120      187 
 4489216      226 
 4493312      232 
 4497408      197 
 4501504      423 
 4505600      196 
 4509696      232 
 4513792      197 
 4517888      200 
 4521984      307 
 4526080      235 
 4530176      235 
 4534272      506 
 4538368      187 
 4542464      229 
 4546560      229 
 4550656      232 
 4554752      161 
 4558848      226 
 4562944      226 
 4567040      461 
 4571136      164 
 4575232      235 
 4579328      306 
 4583424      977 
 4587520      193 
 4591616      232 
 4595712      197 
 4599808      417 
 4603904      161 
 4608000      200 
 4612096      200 
 4616192      197 
 4620288      164 
 4624384      232 
 4628480      232 
 4632576      426 
 4636672      203 
 4640768      203 
 4644864      161 
 4648960      226 
 4653056      229 
 4657152      232 
 4661248      158 
 4665344      423 
 4669440      229 
 4673536      232 
 4677632      158 
 4681728      200 
 4685824      200 
 4689920      203 
 4694016      161 
 4698112      426 
 4702208      197 
 4706304      203 
 4710400      164 
 4714496      235 
 4718592      226 
 4722688      226 
 4726784      161 
 4730880      429 
 4734976      232 
 4739072     1334 
 4743168      161 
 4747264      453 
 4751360      229 
 4755456      226 
 4759552      232 
 4763648      506 
 4767744      158 
 4771840      200 
 4775936      197 
 4780032      200 
 4784128      164 
 4788224      235 
 4792320      226 
 4796416      423 
 4800512      167 
 4804608      235 
 4808704      226 
 4812800      226 
 4816896      161 
 4820992      200 
 4825088      265 
 4829184      494 
 4833280      167 
 4837376      235 
 4841472      232 
 4845568      232 
 4849664      190 
 4853760      226 
 4857856      268 
 4861952      429 
 4866048      158 
 4870144      229 
 4874240      226 
 4878336      232 
 4882432      229 
 4886528      158 
 4890624      197 
 4894720      423 
 4898816      229 
 4902912      161 
 4907008      197 
 4911104      197 
 4915200      200 
 4919296      164 
 4923392      229 
 4927488      488 
 4931584      226 
 4935680      164 
 4939776      229 
 4943872      226 
 4947968      229 
 4952064      196 
 4956160      232 
 4960256      423 
 4964352      229 
 4968448      196 
 4972544      232 
 4976640      232 
 4980736      229 
 4984832      158 
 4988928      226 
 4993024      494 
 4997120      229 
 5001216      190 
 5005312      226 
 5009408      229 
 5013504      235 
 5017600      235 
 5021696      161 
 5025792      452 
 5029888      232 
 5033984      200 
 5038080      158 
 5042176      226 
 5046272      226 
 5050368      232 
 5054464      193 
 5058560      465 
 5062656      161 
 5066752      232 
 5070848      229 
 5074944      229 
 5079040     1340 
 5083136      229 
 5087232      226 
 5091328      488 
 5095424      164 
 5099520      206 
 5103616      197 
 5107712      226 
 5111808      190 
 5115904      229 
 5120000      226 
 5124096      494 
 5128192      164 
 5132288      235 
 5136384      229 
 5140480      226 
 5144576      190 
 5148672      229 
 5152768      229 
 5156864      429 
 5160960      190 
 5165056      229 
 5169152      229 
 5173248      229 
 5177344      158 
 5181440      226 
 5185536      232 
 5189632      509 
 5193728      187 
 5197824      229 
 5201920      229 
 5206016      229 
 5210112      161 
 5214208      229 
 5218304      229 
 5222400      417 
 5226496      164 
 5230592      235 
 5234688      226 
 5238784      226 
 5242880      193 
 5246976      229 
 5251072      232 
 5255168      426 
 5259264      187 
 5263360      226 
 5267456      232 
 5271552      235 
 5275648      161 
 5279744      229 
 5283840      226 
 5287936      423 
 5292032      164 
 5296128      229 
 5300224      226 
 5304320      229 
 5308416      193 
 5312512      232 
 5316608      229 
 5320704      423 
 5324800      187 
 5328896      226 
 5332992      232 
 5337088      235 
 5341184      307 
 5345280      232 
 5349376      226 
 5353472      452 
 5357568      164 
 5361664      232 
 5365760      265 
 5369856      203 
 5373952      164 
 5378048      232 
 5382144      268 
 5386240      455 
 5390336      307 
 5394432      203 
 5398528      203 
 5402624      203 
 5406720      164 
 5410816      226 
 5414912      226 
 5419008      423 
 5423104      190 
 5427200      229 
 5431296      226 
 5435392      226 
 5439488      164 
 5443584      203 
 5447680      203 
 5451776      426 
 5455872      307 
 5459968      197 
 5464064      203 
 5468160      867 
 5472256      190 
 5476352      891 
 5480448      197 
 5484544     1028 
 5488640      193 
 5492736      229 
 5496832      226 
 5500928      229 
 5505024      164 
 5509120      203 
 5513216      203 
 5517312      468 
 5521408      190 
 5525504      232 
 5529600      232 
 5533696      229 
 5537792      158 
 5541888      226 
 5545984      226 
 5550080      455 
 5554176      164 
 5558272      232 
 5562368      226 
 5566464      226 
 5570560      193 
 5574656      232 
 5578752      232 
 5582848      426 
 5586944      190 
 5591040      229 
 5595136      268 
 5599232      232 
 5603328      187 
 5607424      229 
 5611520     1245 
 5615616      423 
 5619712      307 
 5623808      232 
 5627904      226 
 5632000      229 
 5636096      161 
 5640192      203 
 5644288      307 
 5648384      452 
 5652480      164 
 5656576      232 
 5660672      226 
 5664768      229 
 5668864      190 
 5672960      232 
 5677056      229 
 5681152      429 
 5685248      190 
 5689344      226 
 5693440      229 
 5697536      232 
 5701632      158 
 5705728      229 
 5709824      226 
 5713920      449 
 5718016      164 
 5722112      235 
 5726208      232 
 5730304      226 
 5734400      193 
 5738496      229 
 5742592      229 
 5746688      462 
 5750784      158 
 5754880      229 
 5758976      229 
 5763072      232 
 5767168      190 
 5771264      197 
 5775360      197 
 5779456     1284 
 5783552      193 
 5787648      864 
 5791744      197 
 5795840      226 
 5799936      190 
 5804032      229 
 5808128      232 
 5812224      423 
 5816320      187 
 5820416      229 
 5824512      268 
 5828608      232 
 5832704      190 
 5836800      226 
 5840896      226 
 5844992      423 
 5849088      190 
 5853184      229 
 5857280      226 
 5861376      232 
 5865472      164 
 5869568      235 
 5873664      232 
 5877760      458 
 5881856      158 
 5885952      226 
 5890048      232 
 5894144      235 
 5898240      190 
 5902336      229 
 5906432      265 
 5910528      488 
 5914624      167 
 5918720      206 
 5922816      200 
 5926912      197 
 5931008      190 
 5935104      229 
 5939200      229 
 5943296      423 
 5947392      187 
 5951488      229 
 5955584      229 
 5959680      229 
 5963776      161 
 5967872      200 
 5971968      268 
 5976064      420 
 5980160      190 
 5984256      229 
 5988352      226 
 5992448      232 
 5996544      164 
 6000640      235 
 6004736      232 
 6008832      458 
 6012928      158 
 6017024      226 
 6021120      268 
 6025216      200 
 6029312      158 
 6033408      229 
 6037504      229 
 6041600      423 
 6045696      158 
 6049792      229 
 6053888      232 
 6057984      232 
 6062080      190 
 6066176      197 
 6070272      197 
 6074368      480 
 6078464      164 
 6082560      235 
 6086656      226 
 6090752      226 
 6094848      161 
 6098944      200 
 6103040      197 
 6107136      423 
 6111232      226 
 6115328      307 
 6119424      203 
 6123520      200 
 6127616      200 
 6131712      190 
 6135808      229 
 6139904      432 
 6144000      203 
 6148096      164 
 6152192     1060 
 6156288      229 
 6160384      232 
 6164480      158 
 6168576      200 
 6172672      423 
 6176768      229 
 6180864      161 
 6184960      197 
 6189056      203 
 6193152      203 
 6197248      158 
 6201344      229 
 6205440      423 
 6209536      197 
 6213632      193 
 6217728      229 
 6221824      226 
 6225920      229 
 6230016      164 
 6234112      203 
 6238208      426 
 6242304      232 
 6246400      158 
 6250496      200 
 6254592      203 
 6258688      203 
 6262784      164 
 6266880      226 
 6270976      426 
 6275072     1055 
 6279168      161 
 6283264      697 
 6287360      200 
 6291456      807 
 6295552      164 
 6299648     1003 
 6303744     1010 
 6307840      229 
 6311936      190 
 6316032      226 
 6320128      229 
 6324224      232 
 6328320      161 
 6332416      197 
 6336512      446 
 6340608      226 
 6344704      164 
 6348800      229 
 6352896      226 
 6356992      229 
 6361088      226 
 6365184      190 
 6369280      429 
 6373376      232 
 6377472      232 
 6381568      190 
 6385664      226 
 6389760      229 
 6393856      232 
 6397952      158 
 6402048      452 
 6406144      226 
 6410240      226 
 6414336      164 
 6418432      232 
 6422528      226 
 6426624      229 
 6430720      190 
 6434816      506 
 6438912      226 
 6443008      232 
 6447104      164 
 6451200      235 
 6455296      226 
 6459392      226 
 6463488      190 
 6467584      420 
 6471680      229 
 6475776      232 
 6479872      187 
 6483968      229 
 6488064      229 
 6492160      232 
 6496256      161 
 6500352      455 
 6504448      226 
 6508544      197 
 6512640      307 
 6516736      232 
 6520832      226 
 6524928      229 
 6529024      190 
 6533120      506 
 6537216      232 
 6541312      232 
 6545408      161 
 6549504      226 
 6553600      229 
 6557696      232 
 6561792      187 
 6565888      420 
 6569984      226 
 6574080      229 
 6578176      193 
 6582272      232 
 6586368      197 
 6590464      200 
 6594560      161 
 6598656      488 
 6602752      229 
 6606848      229 
 6610944      161 
 6615040      200 
 6619136      200 
 6623232      232 
 6627328      187 
 6631424      429 
 6635520      200 
 6639616      200 
 6643712      190 
 6647808      229 
 6651904      226 
 6656000      226 
 6660096      164 
 6664192      429 
 6668288      229 
 6672384      232 
 6676480      968 
 6680576      232 
 6684672      232 
 6688768      229 
 6692864      187 
 6696960      423 
 6701056      229 
 6705152      229 
 6709248      187 
 6713344      229 
 6717440      232 
 6721536      229 
 6725632      161 
 6729728      488 
 6733824      226 
 6737920      232 
 6742016      229 
 6746112      161 
 6750208      197 
 6754304      203 
 6758400      203 
 6762496      426 
 6766592      229 
 6770688      229 
 6774784      229 
 6778880      164 
 6782976      200 
 6787072      229 
 6791168      226 
 6795264      539 
 6799360      203 
 6803456      203 
 6807552      203 
 6811648      158 
 6815744      229 
 6819840      232 
 6823936      229 
 6828032      420 
 6832128      226 
 6836224      232 
 6840320      232 
 6844416      190 
 6848512      226 
 6852608      268 
 6856704      229 
 6860800      455 
 6864896      197 
 6868992      200 
 6873088      200 
 6877184      164 
 6881280      232 
 6885376      226 
 6889472      226 
 6893568      423 
 6897664      203 
 6901760      200 
 6905856      229 
 6909952      187 
 6914048      226 
 6918144      235 
 6922240      232 
 6926336      423 
 6930432      229 
 6934528      226 
 6938624      226 
 6942720      193 
 6946816      232 
 6950912      229 
 6955008      229 
 6959104      429 
 6963200      229 
 6967296      271 
 6971392      200 
 6975488      187 
 6979584      226 
 6983680      232 
 6987776      229 
 6991872      426 
 6995968      190 
 7000064      229 
 7004160      229 
 7008256      232 
 7012352      158 
 7016448      203 
 7020544      206 
 7024640      423 
 7028736      161 
 7032832      197 
 7036928      200 
 7041024      197 
 7045120      190 
 7049216      229 
 7053312      226 
 7057408      423 
 7061504      190 
 7065600      232 
 7069696      229 
 7073792      229 
 7077888      161 
 7081984      200 
 7086080      200 
 7090176      455 
 7094272      307 
 7098368      203 
 7102464      200 
 7106560      197 
 7110656      190 
 7114752      229 
 7118848      265 
 7122944      458 
 7127040      161 
 7131136      232 
 7135232      232 
 7139328      229 
 7143424      190 
 7147520      226 
 7151616      232 
 7155712      441 
 7159808      161 
 7163904      229 
 7168000      226 
 7172096      229 
 7176192      161 
 7180288      203 
 7184384      197 
 7188480     1278 
 7192576      193 
 7196672      894 
 7200768      200 
 7204864      581 
 7208960      187 
 7213056     1060 
 7217152      200 
 7221248      426 
 7225344      190 
 7229440      197 
 7233536      268 
 7237632      232 
 7241728      158 
 7245824      203 
 7249920      203 
 7254016     1281 
 7258112      190 
 7262208      897 
 7266304      197 
 7270400      587 
 7274496      190 
 7278592      232 
 7282688      226 
 7286784      420 
 7290880      190 
 7294976      229 
 7299072      229 
 7303168      229 
 7307264      307 
 7311360      226 
 7315456      232 
 7319552      494 
 7323648      190 
 7327744      232 
 7331840      197 
 7335936      197 
 7340032      164 
 7344128      229 
 7348224      265 
 7352320      458 
 7356416      164 
 7360512      203 
 7364608      200 
 7368704      200 
 7372800      190 
 7376896      229 
 7380992      226 
 7385088      423 
 7389184      196 
 7393280      235 
 7397376      229 
 7401472      229 
 7405568      158 
 7409664      200 
 7413760      271 
 7417856      426 
 7421952      187 
 7426048      226 
 7430144      229 
 7434240      226 
 7438336      161 
 7442432      229 
 7446528      226 
 7450624     1310 
 7454720      164 
 7458816      882 
 7462912      232 
 7467008      959 
 7471104      161 
 7475200      828 
 7479296      229 
 7483392      679 
 7487488      158 
 7491584      229 
 7495680      229 
 7499776      232 
 7503872      187 
 7507968      229 
 7512064      232 
 7516160      426 
 7520256      187 
 7524352      226 
 7528448      197 
 7532544      200 
 7536640      161 
 7540736      229 
 7544832      226 
 7548928     1310 
 7553024      164 
 7557120      950 
 7561216      203 
 7565312      557 
 7569408      164 
 7573504      197 
 7577600      229 
 7581696     1307 
 7585792      158 
 7589888      882 
 7593984      226 
 7598080      229 
 7602176      193 
 7606272      232 
 7610368      226 
 7614464      429 
 7618560      193 
 7622656      235 
 7626752      232 
 7630848      235 
 7634944      161 
 7639040      203 
 7643136      200 
 7647232      455 
 7651328      161 
 7655424      197 
 7659520      226 
 7663616     1057 
 7667712      193 
 7671808      235 
 7675904      229 
 7680000      459 
 7684096      161 
 7688192      229 
 7692288      229 
 7696384      229 
 7700480      193 
 7704576      226 
 7708672      232 
 7712768      426 
 7716864      190 
 7720960      232 
 7725056      197 
 7729152      197 
 7733248      161 
 7737344      229 
 7741440      226 
 7745536      426 
 7749632      161 
 7753728      232 
 7757824      229 
 7761920      229 
 7766016      190 
 7770112      229 
 7774208      200 
 7778304      465 
 7782400      158 
 7786496      229 
 7790592      229 
 7794688      226 
 7798784      164 
 7802880      203 
 7806976      200 
 7811072      426 
 7815168      164 
 7819264      203 
 7823360      203 
 7827456      206 
 7831552      161 
 7835648      229 
 7839744      229 
 7843840     1278 
 7847936      158 
 7852032      911 
 7856128      226 
 7860224      628 
 7864320      164 
 7868416      232 
 7872512      229 
 7876608      455 
 7880704      167 
 7884800      200 
 7888896      229 
 7892992      229 
 7897088      190 
 7901184      229 
 7905280      229 
 7909376      423 
 7913472      187 
 7917568      229 
 7921664      229 
 7925760      226 
 7929856      161 
 7933952      229 
 7938048      226 
 7942144      497 
 7946240      193 
 7950336      232 
 7954432      229 
 7958528      232 
 7962624      158 
 7966720      229 
 7970816      229 
 7974912      455 
 7979008      158 
 7983104      226 
 7987200      229 
 7991296      229 
 7995392      193 
 7999488      235 
 8003584      229 
 8007680      423 
 8011776      193 
 8015872      232 
 8019968      268 
 8024064      232 
 8028160      187 
 8032256      229 
 8036352      232 
 8040448      423 
 8044544      193 
 8048640      226 
 8052736      197 
 8056832      200 
 8060928      161 
 8065024      229 
 8069120      229 
 8073216      423 
 8077312      164 
 8081408      229 
 8085504      229 
 8089600      229 
 8093696      187 
 8097792      226 
 8101888      232 
 8105984      426 
 8110080      190 
 8114176      232 
 8118272      197 
 8122368      197 
 8126464      161 
 8130560      229 
 8134656      226 
 8138752      423 
 8142848      164 
 8146944      232 
 8151040      226 
 8155136      232 
 8159232      336 
 8163328      232 
 8167424      265 
 8171520      417 
 8175616      193 
 8179712      229 
 8183808      229 
 8187904      232 
 8192000      158 
 8196096      200 
 8200192      203 
 8204288     1570 
 8208384      336 
 8212480      226 
 8216576      226 
 8220672      229 
 8224768      164 
 8228864      232 
 8232960      226 
 8237056      420 
 8241152      164 
 8245248      235 
 8249344      235 
 8253440      229 
 8257536      187 
 8261632      226 
 8265728      229 
 8269824      426 
 8273920      187 
 8278016      229 
 8282112      226 
 8286208      232 
 8290304      167 
 8294400      235 
 8298496      229 
 8302592      452 
 8306688      164 
 8310784      232 
 8314880      232 
 8318976      235 
 8323072      190 
 8327168      229 
 8331264      229 
 8335360      429 
 8339456      190 
 8343552      226 
 8347648      226 
 8351744      226 
 8355840      164 
 8359936      232 
 8364032      226 
 8368128      452 
 8372224      164 
 8376320      235 
 8380416      235 
 8384512      232 
 8388608      193 
 8392704      226 
 8396800      229 
 8400896      426 
 8404992      190 
 8409088      229 
 8413184      226 
 8417280      226 
 8421376      164 
 8425472      232 
 8429568      226 
 8433664      455 
 8437760      164 
 8441856      235 
 8445952      232 
 8450048      232 
 8454144      190 
 8458240      226 
 8462336      229 
 8466432      423 
 8470528      187 
 8474624      229 
 8478720      226 
 8482816      232 
 8486912      164 
 8491008      235 
 8495104      229 
 8499200      455 
 8503296      164 
 8507392      229 
 8511488      232 
 8515584      235 
 8519680      190 
 8523776      232 
 8527872      229 
 8531968      423 
 8536064      190 
 8540160      226 
 8544256      229 
 8548352      232 
 8552448      158 
 8556544      229 
 8560640      232 
 8564736      455 
 8568832      158 
 8572928      226 
 8577024      226 
 8581120      229 
 8585216      190 
 8589312      232 
 8593408      226 
 8597504      420 
 8601600      196 
 8605696      229 
 8609792      229 
 8613888      229 
 8617984      161 
 8622080      226 
 8626176      232 
 8630272      458 
 8634368      158 
 8638464      229 
 8642560      229 
 8646656      229 
 8650752      193 
 8654848      232 
 8658944      226 
 8663040      417 
 8667136      190 
 8671232      232 
 8675328      226 
 8679424      229 
 8683520      164 
 8687616      232 
 8691712      229 
 8695808      452 
 8699904      164 
 8704000      229 
 8708096      229 
 8712192      232 
 8716288      187 
 8720384     1194 
 8724480      229 
 8728576      429 
 8732672      190 
 8736768      226 
 8740864      226 
 8744960      229 
 8749056      164 
 8753152      232 
 8757248      226 
 8761344      455 
 8765440      167 
 8769536      235 
 8773632      232 
 8777728      232 
 8781824      190 
 8785920      226 
 8790016      229 
 8794112      423 
 8798208      187 
 8802304      229 
 8806400      226 
 8810496      229 
 8814592      164 
 8818688      232 
 8822784      226 
 8826880      470 
 8830976      164 
 8835072      206 
 8839168      200 
 8843264      229 
 8847360      187 
 8851456      226 
 8855552      232 
 8859648      429 
 8863744      187 
 8867840      229 
 8871936      226 
 8876032      232 
 8880128      164 
 8884224      206 
 8888320      197 
 8892416      455 
 8896512      164 
 8900608      203 
 8904704      203 
 8908800      206 
 8912896      158 
 8916992      229 
 8921088      229 
 8925184      429 
 8929280      161 
 8933376      226 
 8937472      226 
 8941568      226 
 8945664      164 
 8949760      203 
 8953856      197 
 8957952      452 
 8962048      164 
 8966144      206 
 8970240      203 
 8974336      200 
 8978432      187 
 8982528      226 
 8986624      229 
 8990720      426 
 8994816      187 
 8998912      229 
 9003008      226 
 9007104      232 
 9011200      164 
 9015296      206 
 9019392      197 
 9023488      452 
 9027584      164 
 9031680      203 
 9035776      200 
 9039872      232 
 9043968      187 
 9048064      229 
 9052160      229 
 9056256      429 
 9060352      164 
 9064448      226 
 9068544      226 
 9072640      229 
 9076736      164 
 9080832      203 
 9084928      200 
 9089024      423 
 9093120      164 
 9097216      203 
 9101312      203 
 9105408      206 
 9109504      158 
 9113600      229 
 9117696      232 
 9121792      426 
 9125888      164 
 9129984      244 
 9134080      226 
 9138176      229 
 9142272      193 
 9146368      232 
 9150464      197 
 9154560      417 
 9158656      161 
 9162752      200 
 9166848      200 
 9170944      200 
 9175040      161 
 9179136      229 
 9183232      229 
 9187328      429 
 9191424      203 
 9195520      203 
 9199616      197 
 9203712      196 
 9207808      229 
 9211904      229 
 9216000      229 
 9220096      426 
 9224192      200 
 9228288      232 
 9232384      229 
 9236480      190 
 9240576      226 
 9244672      226 
 9248768      232 
 9252864      426 
 9256960      232 
 9261056      232 
 9265152      226 
 9269248      229 
 9273344      226 
 9277440      381 
 9281536      229 
 9285632      417 
 9289728      950 
 9293824      226 
 9297920      232 
 9302016      197 
 9306112      200 
 9310208      203 
 9314304      200 
 9318400      483 
 9322496      203 
 9326592      268 
 9330688      232 
 9334784      229 
 9338880      229 
 9342976      232 
 9347072      232 
 9351168      530 
 9355264      226 
 9359360      232 
 9363456      381 
 9367552      229 
 9371648      226 
 9375744      226 
 9379840      197 
 9383936      426 
 9388032      232 
 9392128      229 
 9396224      226 
 9400320      164 
 9404416      200 
 9408512      200 
 9412608      203 
 9416704      417 
 9420800      226 
 9424896      232 
 9428992      232 
 9433088      161 
 9437184      200 
 9441280      232 
 9445376      229 
 9449472      449 
 9453568      226 
 9457664      229 
 9461760      232 
 9465856      161 
 9469952      226 
 9474048      229 
 9478144      229 
 9482240      423 
 9486336      197 
 9490432      197 
 9494528      200 
 9498624      164 
 9502720      229 
 9506816      229 
 9510912      226 
 9515008      423 
 9519104      229 
 9523200      297 
 9527296      197 
 9531392      164 
 9535488      229 
 9539584      226 
 9543680      226 
 9547776      533 
 9551872      235 
 9555968      235 
 9560064      229 
 9564160      193 
 9568256      226 
 9572352      229 
 9576448      229 
 9580544      423 
 9584640      226 
 9588736      226 
 9592832      226 
 9596928      161 
 9601024      200 
 9605120      200 
 9609216      200 
 9613312      429 
 9617408      229 
 9621504      229 
 9625600      235 
 9629696      161 
 9633792      203 
 9637888      206 
 9641984      203 
 9646080      426 
 9650176      229 
 9654272      229 
 9658368      229 
 9662464      158 
 9666560      226 
 9670656      235 
 9674752      232 
 9678848      452 
 9682944      229 
 9687040      197 
 9691136      197 
 9695232      164 
 9699328      229 
 9703424      232 
 9707520      226 
 9711616      426 
 9715712      203 
 9719808      203 
 9723904      197 
 9728000      193 
 9732096      229 
 9736192      226 
 9740288      229 
 9744384      429 
 9748480      229 
 9752576      232 
 9756672      229 
 9760768      190 
 9764864      226 
 9768960      232 
 9773056      232 
 9777152      426 
 9781248      193 
 9785344      226 
 9789440      226 
 9793536      226 
 9797632      161 
 9801728      229 
 9805824      226 
 9809920      455 
 9814016      164 
 9818112      232 
 9822208      229 
 9826304      229 
 9830400      190 
 9834496      226 
 9838592      232 
 9842688     1504 
 9846784      158 
 9850880      200 
 9854976      203 
 9859072      206 
 9863168      161 
 9867264      232 
 9871360      229 
 9875456      429 
 9879552      161 
 9883648      229 
 9887744      226 
 9891840      229 
 9895936      161 
 9900032      203 
 9904128      197 
 9908224      420 
 9912320      161 
 9916416      200 
 9920512      200 
 9924608      203 
 9928704      164 
 9932800      235 
 9936896      229 
 9940992      423 
 9945088      164 
 9949184      232 
 9953280      229 
 9957376      232 
 9961472      158 
 9965568      200 
 9969664      200 
 9973760     1278 
 9977856      190 
 9981952      745 
 9986048      200 
 9990144      730 
 9994240      190 
 9998336     1057 
10002432      232 
10006528      453 
10010624      187 
10014720      229 
10018816      226 
10022912      229 
10027008      164 
10031104      203 
10035200      197 
10039296      509 
10043392      229 
10047488      190 
10051584      229 
10055680      235 
10059776      229 
10063872      164 
10067968      197 
10072064      455 
10076160      229 
10080256      158 
10084352      226 
10088448      229 
10092544      229 
10096640      196 
10100736      232 
10104832      423 
10108928      229 
10113024      196 
10117120      232 
10121216      226 
10125312      226 
10129408      161 
10133504      229 
10137600      452 
10141696      226 
10145792      164 
10149888      229 
10153984      229 
10158080      229 
10162176      190 
10166272      232 
10170368      512 
10174464     1001 
10178560      164 
10182656      783 
10186752      232 
10190848      718 
10194944      161 
10199040     1063 
10203136      426 
10207232      247 
10211328      161 
10215424      226 
10219520      229 
10223616      226 
10227712      193 
10231808      229 
10235904      423 
10240000      226 
10244096      193 
10248192      232 
10252288      235 
10256384      232 
10260480      164 
10264576      226 
10268672      604 
10272768      232 
10276864      158 
10280960      229 
10285056      226 
10289152      226 
10293248      226 
10297344      190 
10301440      429 
10305536      232 
10309632      226 
10313728      196 
10317824      229 
10321920      229 
10326016      232 
10330112      158 
10334208      539 
10338304      697 
10342400      232 
10346496      161 
10350592      197 
10354688      197 
10358784      203 
10362880      164 
10366976      506 
10371072      229 
10375168      226 
10379264      164 
10383360      200 
10387456      200 
10391552      200 
10395648      167 
10399744      491 
10403840      229 
10407936      229 
10412032      164 
10416128      200 
10420224      232 
10424320      229 
10428416      190 
10432512      423 
10436608      206 
10440704      206 
10444800      158 
10448896      226 
10452992      229 
10457088      229 
10461184      161 
10465280      423 
10469376      232 
10473472      229 
10477568      164 
10481664      200 
10485760      197 
10489856      226 
10493952      193 
10498048      423 
10502144      200 
10506240     1081 
10510336      167 
10514432      700 
10518528      203 
10522624      200 
10526720      167 
10530816      506 
10534912      226 
10539008      226 
10543104      164 
10547200      203 
10551296      206 
10555392      203 
10559488      164 
10563584      423 
10567680      203 
10571776      206 
10575872      161 
10579968      232 
10584064      226 
10588160      226 
10592256      164 
10596352      426 
10600448      229 
10604544      226 
10608640      164 
10612736      200 
10616832      200 
10620928      200 
10625024      161 
10629120      420 
10633216      203 
10637312      203 
10641408      164 
10645504      226 
10649600      226 
10653696      226 
10657792      164 
10661888      426 
10665984      229 
10670080     1078 
10674176      193 
10678272      200 
10682368      200 
10686464      203 
10690560      158 
10694656      420 
10698752      200 
10702848      200 
10706944      161 
10711040      226 
10715136      271 
10719232      200 
10723328      187 
10727424      423 
10731520      206 
10735616      200 
10739712      190 
10743808      226 
10747904      226 
10752000      229 
10756096      164 
10760192      423 
10764288      232 
10768384     1084 
10772480      164 
10776576      694 
10780672      229 
10784768      807 
10788864      196 
10792960      429 
10797056      226 
10801152      226 
10805248      193 
10809344      229 
10813440      235 
10817536      232 
10821632      164 
10825728      452 
10829824      229 
10833920      232 
10838016      161 
10842112      226 
10846208      229 
10850304      229 
10854400     1021 
10858496      423 
10862592      232 
10866688      229 
10870784      193 
10874880      226 
10878976      197 
10883072      197 
10887168      164 
10891264      452 
10895360      200 
10899456      197 
10903552      164 
10907648      229 
10911744      229 
10915840      226 
10919936      196 
10924032      462 
10928128      197 
10932224      200 
10936320      164 
10940416      229 
10944512      229 
10948608      229 
10952704      161 
10956800      420 
10960896      229 
10964992      229 
10969088      161 
10973184      197 
10977280      203 
10981376      203 
10985472      164 
10989568      426 
10993664      200 
10997760      203 
11001856      161 
11005952      226 
11010048      229 
11014144      226 
11018240      164 
11022336      426 
11026432      226 
11030528      226 
11034624      161 
11038720      200 
11042816      200 
11046912      197 
11051008      190 
11055104      426 
11059200      203 
11063296     1052 
11067392      164 
11071488      700 
11075584      200 
11079680      203 
11083776      158 
11087872      488 
11091968      232 
11096064      229 
11100160      164 
11104256      200 
11108352      206 
11112448      203 
11116544      164 
11120640      420 
11124736      203 
11128832      200 
11132928      187 
11137024      226 
11141120      229 
11145216      229 
11149312      167 
11153408      426 
11157504      226 
11161600      229 
11165696      164 
11169792      203 
11173888      197 
11177984      226 
11182080      193 
11186176      491 
11190272      229 
11194368      229 
11198464      167 
11202560      232 
11206656      232 
11210752      235 
11214848      190 
11218944      426 
11223040      235 
11227136      232 
11231232      193 
11235328      229 
11239424      229 
11243520      226 
11247616      164 
11251712      452 
11255808      226 
11259904      226 
11264000      164 
11268096      229 
11272192      235 
11276288      232 
11280384      193 
11284480      491 
11288576      232 
11292672      200 
11296768      158 
11300864      226 
11304960      226 
11309056      226 
11313152      193 
11317248      426 
11321344      232 
11325440      226 
11329536      193 
11333632      200 
11337728      200 
11341824      200 
11345920      158 
11350016      420 
11354112      203 
11358208      200 
11362304      161 
11366400      226 
11370496      232 
11374592      232 
11378688      190 
11382784      462 
11386880      206 
11390976      200 
11395072      190 
11399168      226 
11403264     1227 
11407360      226 
11411456      193 
11415552      429 
11419648      229 
11423744      229 
11427840      196 
11431936      232 
11436032      197 
11440128      197 
11444224      161 
11448320      455 
11452416      200 
11456512     1081 
11460608      167 
11464704      726 
11468800      229 
11472896      232 
11476992      161 
11481088      491 
11485184      235 
11489280      235 
11493376      193 
11497472      197 
11501568      200 
11505664      200 
11509760      158 
11513856      423 
11517952      200 
11522048      200 
11526144      161 
11530240      226 
11534336      229 
11538432      226 
11542528      161 
11546624      426 
11550720      232 
11554816      226 
11558912      196 
11563008      200 
11567104      200 
11571200      197 
11575296      164 
11579392      458 
11583488      197 
11587584      197 
11591680      164 
11595776      229 
11599872      235 
11603968      232 
11608064      193 
11612160      420 
11616256      232 
11620352      232 
11624448      190 
11628544      197 
11632640      200 
11636736      200 
11640832      161 
11644928      423 
11649024      203 
11653120      200 
11657216      164 
11661312      226 
11665408      226 
11669504      226 
11673600      161 
11677696      426 
11681792      229 
11685888      226 
11689984      164 
11694080      200 
11698176      200 
11702272      197 
11706368      167 
11710464      458 
11714560      197 
11718656      197 
11722752      164 
11726848      229 
11730944      232 
11735040      232 
11739136      193 
11743232      459 
11747328      200 
11751424      229 
11755520      187 
11759616      226 
11763712      229 
11767808      229 
11771904      164 
11776000      426 
11780096      232 
11784192      226 
11788288      167 
11792384      203 
11796480      206 
11800576      206 
11804672      158 
11808768      426 
11812864      206 
11816960     1052 
11821056      161 
11825152      700 
11829248      200 
11833344      200 
11837440      161 
11841536      509 
11845632      229 
11849728      232 
11853824      190 
11857920      197 
11862016      200 
11866112      197 
11870208      164 
11874304      423 
11878400      197 
11882496      200 
11886592      164 
11890688      232 
11894784      229 
11898880      232 
11902976      190 
11907072      423 
11911168      235 
11915264      232 
11919360      193 
11923456      229 
11927552      197 
11931648      200 
11935744      164 
11939840     1373 
11943936      229 
11948032      226 
11952128      196 
11956224      232 
11960320      229 
11964416      229 
11968512      161 
11972608      423 
11976704      232 
11980800      229 
11984896      164 
11988992      200 
11993088      197 
11997184      226 
12001280      190 
12005376      420 
12009472      229 
12013568      226 
12017664      196 
12021760      229 
12025856      232 
12029952      229 
12034048      164 
12038144      480 
12042240      203 
12046336      200 
12050432      187 
12054528      226 
12058624      229 
12062720      229 
12066816      167 
12070912      429 
12075008      226 
12079104      229 
12083200      164 
12087296      203 
12091392      200 
12095488      200 
12099584      190 
12103680      488 
12107776      229 
12111872      226 
12115968      164 
12120064      229 
12124160      232 
12128256      232 
12132352      190 
12136448      426 
12140544      235 
12144640      232 
12148736      193 
12152832      229 
12156928      229 
12161024      226 
12165120      164 
12169216      461 
12173312      226 
12177408      226 
12181504      164 
12185600      200 
12189696      232 
12193792      229 
12197888      190 
12201984      417 
12206080      229 
12210176      229 
12214272      187 
12218368      229 
12222464      229 
12226560      229 
12230656      164 
12234752      477 
12238848      229 
12242944      226 
12247040      196 
12251136      229 
12255232      232 
12259328      232 
12263424      161 
12267520      426 
12271616      235 
12275712     1081 
12279808      161 
12283904      700 
12288000      226 
12292096      226 
12296192      164 
12300288      426 
12304384      229 
12308480      226 
12312576      167 
12316672      203 
12320768      200 
12324864      203 
12328960      161 
12333056      423 
12337152      203 
12341248      203 
12345344      164 
12349440      226 
12353536      229 
12357632      229 
12361728      161 
12365824      420 
12369920      229 
12374016      232 
12378112      158 
12382208      200 
12386304      200 
12390400      200 
12394496      167 
12398592      426 
12402688      197 
12406784      200 
12410880      164 
12414976      232 
12419072      226 
12423168      226 
12427264      161 
12431360      429 
12435456      229 
12439552      226 
12443648      164 
12447744      200 
12451840      200 
12455936      200 
12460032      161 
12464128      423 
12468224      203 
12472320      200 
12476416      164 
12480512      226 
12484608      232 
12488704     1185 
12492800      158 
12496896      452 
12500992      235 
12505088      229 
12509184      164 
12513280      197 
12517376      226 
12521472      232 
12525568      193 
12529664      426 
12533760      229 
12537856      226 
12541952      196 
12546048      229 
12550144      232 
12554240      226 
12558336      167 
12562432      429 
12566528      226 
12570624      229 
12574720      164 
12578816      203 
12582912      206 
12587008      200 
12591104      190 
12595200      420 
12599296      200 
12603392      232 
12607488      187 
12611584      229 
12615680      229 
12619776      229 
12623872      161 
12627968      459 
12632064      235 
12636160      229 
12640256      193 
12644352      226 
12648448      226 
12652544      232 
12656640      164 
12660736      455 
12664832      229 
12668928      226 
12673024      167 
12677120      229 
12681216      229 
12685312      226 
12689408      190 
12693504      429 
12697600      232 
12701696      226 
12705792      193 
12709888      229 
12713984      229 
12718080      229 
12722176      158 
12726272      452 
12730368      232 
12734464      229 
12738560      161 
12742656      226 
12746752      229 
12750848      232 
12754944      190 
12759040      423 
12763136      235 
12767232      232 
12771328      193 
12775424      229 
12779520      226 
12783616      226 
12787712      164 
12791808      494 
12795904      229 
12800000      226 
12804096      196 
12808192      229 
12812288      232 
12816384      232 
12820480      164 
12824576      452 
12828672      232 
12832768      232 
12836864      161 
12840960      229 
12845056      229 
12849152      226 
12853248      193 
12857344      423 
12861440      226 
12865536      226 
12869632      193 
12873728      232 
12877824      232 
12881920      200 
12886016      158 
12890112      417 
12894208      200 
12898304      200 
12902400      161 
12906496      226 
12910592      229 
12914688      226 
12918784      161 
12922880      426 
12926976      232 
12931072      226 
12935168      196 
12939264      200 
12943360      200 
12947456      200 
12951552      316 
12955648      452 
12959744      229 
12963840      232 
12967936      158 
12972032      229 
12976128      232 
12980224      226 
12984320      193 
12988416      426 
12992512      229 
12996608      229 
13000704      193 
13004800      235 
13008896     1126 
13012992      232 
13017088      193 
13021184      423 
13025280      229 
13029376     1084 
13033472      196 
13037568      697 
13041664      200 
13045760      807 
13049856      161 
13053952      980 
13058048      203 
13062144      203 
13066240      161 
13070336      226 
13074432      226 
13078528      229 
13082624      164 
13086720      465 
13090816      229 
13094912      229 
13099008      193 
13103104      232 
13107200      229 
13111296      232 
13115392      158 
13119488      452 
13123584      229 
13127680      229 
13131776      158 
13135872      226 
13139968      265 
13144064      197 
13148160      164 
13152256      458 
13156352      197 
13160448      200 
13164544      161 
13168640      232 
13172736      229 
13176832      229 
13180928      190 
13185024      420 
13189120      232 
13193216      235 
13197312      190 
13201408      232 
13205504      200 
13209600      200 
13213696      158 
13217792      509 
13221888      229 
13225984      232 
13230080      190 
13234176      197 
13238272      197 
13242368      200 
13246464      164 
13250560      423 
13254656      197 
13258752      197 
13262848      164 
13266944      232 
13271040      232 
13275136      229 
13279232      158 
13283328      465 
13287424      200 
13291520      232 
13295616      187 
13299712      229 
13303808      226 
13307904      229 
13312000      164 
13316096      423 
13320192      229 
13324288      229 
13328384      164 
13332480      206 
13336576      200 
13340672      226 
13344768      193 
13348864      426 
13352960      197 
13357056      229 
13361152      190 
13365248      232 
13369344      229 
13373440      229 
13377536      161 
13381632      420 
13385728      229 
13389824      232 
13393920      158 
13398016      200 
13402112      203 
13406208      206 
13410304      161 
13414400      426 
13418496      203 
13422592      200 
13426688      161 
13430784      229 
13434880      226 
13438976      229 
13443072      161 
13447168      420 
13451264      229 
13455360      226 
13459456      161 
13463552      200 
13467648      203 
13471744      206 
13475840      161 
13479936      426 
13484032      200 
13488128      203 
13492224      161 
13496320      226 
13500416      226 
13504512      229 
13508608      161 
13512704      423 
13516800      226 
13520896      226 
13524992      164 
13529088      203 
13533184      265 
13537280      226 
13541376      164 
13545472     1373 
13549568      200 
13553664      203 
13557760      164 
13561856      235 
13565952      235 
13570048      229 
13574144      158 
13578240      456 
13582336      229 
13586432      232 
13590528      187 
13594624      229 
13598720      229 
13602816      229 
13606912      164 
13611008      426 
13615104      229 
13619200      226 
13623296      167 
13627392      200 
13631488      229 
13635584      232 
13639680      187 
13643776      509 
13647872      229 
13651968      232 
13656064      161 
13660160      197 
13664256      229 
13668352      232 
13672448      187 
13676544      420 
13680640      229 
13684736      229 
13688832      190 
13692928      226 
13697024      229 
13701120      229 
13705216      164 
13709312      429 
13713408      229 
13717504      229 
13721600      164 
13725696      203 
13729792      197 
13733888      229 
13737984      190 
13742080      420 
13746176      226 
13750272      226 
13754368      193 
13758464      232 
13762560      232 
13766656      235 
13770752      161 
13774848      426 
13778944      232 
13783040     1084 
13787136      161 
13791232      697 
13795328     1084 
13799424      938 
13803520      190 
13807616      423 
13811712      229 
13815808      232 
13819904      193 
13824000      229 
13828096      197 
13832192      200 
13836288      161 
13840384      458 
13844480      197 
13848576      197 
13852672      161 
13856768      229 
13860864      226 
13864960      232 
13869056      193 
13873152      423 
13877248      229 
13881344      229 
13885440      193 
13889536      200 
13893632      200 
13897728      203 
13901824      158 
13905920      455 
13910016      200 
13914112      200 
13918208      158 
13922304      226 
13926400      232 
13930496      235 
13934592      190 
13938688      426 
13942784      229 
13946880      232 
13950976      190 
13955072      197 
13959168      197 
13963264      200 
13967360      164 
13971456      423 
13975552      197 
13979648      197 
13983744      164 
13987840      232 
13991936      226 
13996032      229 
14000128      161 
14004224      423 
14008320      229 
14012416      226 
14016512      161 
14020608      200 
14024704      200 
14028800      203 
14032896      161 
14036992      426 
14041088      200 
14045184     1055 
14049280      158 
14053376     1659 
14057472      268 
14061568      232 
14065664      158 
14069760      485 
14073856      232 
14077952      232 
14082048      190 
14086144      197 
14090240      197 
14094336      203 
14098432      164 
14102528      426 
14106624      197 
14110720      200 
14114816      164 
14118912      232 
14123008      229 
14127104      229 
14131200      158 
14135296      417 
14139392      229 
14143488      232 
14147584      158 
14151680      200 
14155776      200 
14159872      197 
14163968      190 
14168064      432 
14172160      197 
14176256      203 
14180352      164 
14184448      235 
14188544      268 
14192640      232 
14196736      187 
14200832      429 
14204928      203 
14209024      203 
14213120      164 
14217216      226 
14221312      226 
14225408      229 
14229504      164 
14233600      423 
14237696      229 
14241792      226 
14245888      164 
14249984      203 
14254080      203 
14258176      200 
14262272      187 
14266368      423 
14270464      200 
14274560      232 
14278656      187 
14282752      229 
14286848      226 
14290944      229 
14295040      164 
14299136      426 
14303232      226 
14307328      232 
14311424      167 
14315520      206 
14319616      200 
14323712      200 
14327808      190 
14331904      429 
14336000      200 
14340096     1052 
14344192      164 
14348288      700 
14352384      200 
14356480      203 
14360576      158 
14364672      423 
14368768      200 
14372864      200 
14376960      158 
14381056      226 
14385152      226 
14389248      226 
14393344      161 
14397440      426 
14401536      226 
14405632      229 
14409728      161 
14413824      203 
14417920      200 
14422016      200 
14426112      161 
14430208      423 
14434304      200 
14438400      203 
14442496      161 
14446592      232 
14450688      229 
14454784      229 
14458880      158 
14462976      426 
14467072      229 
14471168      229 
14475264      161 
14479360      197 
14483456      197 
14487552      203 
14491648      164 
14495744      423 
14499840      200 
14503936      197 
14508032      190 
14512128      229 
14516224      384 
14520320      229 
14524416      193 
14528512      423 
14532608      232 
14536704      235 
14540800      190 
14544896      232 
14548992      197 
14553088      197 
14557184      164 
14561280      423 
14565376      197 
14569472      200 
14573568      164 
14577664      232 
14581760      226 
14585856      232 
14589952      196 
14594048      468 
14598144      200 
14602240     1153 
14606336      193 
14610432      235 
14614528      229 
14618624      232 
14622720      158 
14626816      446 
14630912      229 
14635008      229 
14639104      158 
14643200      226 
14647296      226 
14651392      226 
14655488      190 
14659584      426 
14663680      226 
14667776      229 
14671872      193 
14675968      232 
14680064      229 
14684160      229 
14688256      158 
14692352      512 
14696448      229 
14700544     1027 
14704640      161 
14708736      763 
14712832      197 
14716928      229 
14721024      190 
14725120      494 
14729216      229 
14733312      226 
14737408      164 
14741504      229 
14745600      232 
14749696      235 
14753792      190 
14757888      426 
14761984      229 
14766080      232 
14770176      190 
14774272      226 
14778368      226 
14782464      226 
14786560      164 
14790656      452 
14794752      226 
14798848      232 
14802944      164 
14807040      235 
14811136      232 
14815232      229 
14819328      187 
14823424      426 
14827520      232 
14831616      235 
14835712      190 
14839808      229 
14843904      229 
14848000      232 
14852096      158 
14856192      455 
14860288      229 
14864384      229 
14868480      158 
14872576      226 
14876672      229 
14880768      229 
14884864      193 
14888960      497 
14893056      197 
14897152      197 
14901248      161 
14905344      229 
14909440      229 
14913536      232 
14917632      190 
14921728      420 
14925824      232 
14929920      235 
14934016      190 
14938112      200 
14942208      197 
14946304      197 
14950400      164 
14954496      429 
14958592      197 
14962688      200 
14966784      164 
14970880      232 
14974976      226 
14979072      232 
14983168      193 
14987264      429 
14991360      226 
14995456      229 
14999552      193 
15003648      232 
15007744      200 
15011840      200 
15015936      158 
15020032      420 
15024128      200 
15028224     1087 
15032320      161 
15036416      729 
15040512      229 
15044608      197 
15048704      161 
15052800      452 
15056896      197 
15060992      200 
15065088      161 
15069184      232 
15073280      232 
15077376      229 
15081472      190 
15085568      462 
15089664      200 
15093760      203 
15097856      158 
15101952      229 
15106048      232 
15110144      226 
15114240      193 
15118336      426 
15122432      229 
15126528      229 
15130624      193 
15134720      235 
15138816     1001 
15142912      232 
15147008      190 
15151104      423 
15155200      232 
15159296      235 
15163392      190 
15167488      229 
15171584      226 
15175680      229 
15179776      164 
15183872      452 
15187968      226 
15192064      226 
15196160      164 
15200256      232 
15204352      232 
15208448      235 
15212544      190 
15216640      494 
15220736      200 
15224832      200 
15228928      158 
15233024      226 
15237120      229 
15241216      229 
15245312      193 
15249408      426 
15253504      229 
15257600      226 
15261696      161 
15265792      200 
15269888      200 
15273984      203 
15278080      158 
15282176      423 
15286272      200 
15290368      200 
15294464      158 
15298560      226 
15302656      226 
15306752      226 
15310848      161 
15314944      429 
15319040      226 
15323136      229 
15327232      161 
15331328      200 
15335424      200 
15339520      200 
15343616      161 
15347712      420 
15351808      203 
15355904      206 
15360000      161 
15364096      232 
15368192      229 
15372288      229 
15376384      158 
15380480      420 
15384576      229 
15388672      229 
15392768      158 
15396864      197 
15400960      200 
15405056      200 
15409152      190 
15413248      426 
15417344      200 
15421440      197 
15425536      190 
15429632      229 
15433728      229 
15437824      229 
15441920      161 
15446016      426 
15450112      229 
15454208      232 
15458304      158 
15462400      203 
15466496      200 
15470592      197 
15474688      190 
15478784      488 
15482880      226 
15486976      232 
15491072      164 
15495168      235 
15499264      268 
15503360      200 
15507456      158 
15511552      420 
15515648      200 
15519744      203 
15523840      158 
15527936      229 
15532032      226 
15536128      226 
15540224      193 
15544320      426 
15548416      229 
15552512     1084 
15556608      190 
15560704      697 
15564800      229 
15568896      232 
15572992      187 
15577088      423 
15581184      229 
15585280      229 
15589376      190 
15593472      229 
15597568      226 
15601664      232 
15605760      164 
15609856      455 
15613952      226 
15618048      197 
15622144      164 
15626240      229 
15630336      229 
15634432      229 
15638528      187 
15642624      420 
15646720      229 
15650816      232 
15654912      187 
15659008      229 
15663104      229 
15667200      197 
15671296      161 
15675392      455 
15679488      197 
15683584      200 
15687680      161 
15691776     1093 
15695872      229 
15699968      232 
15704064      187 
15708160      426 
15712256      200 
15716352      229 
15720448      187 
15724544      226 
15728640      229 
15732736      229 
15736832      164 
15740928      426 
15745024      229 
15749120     1084 
15753216      164 
15757312      694 
15761408      226 
15765504      232 
15769600      164 
15773696      423 
15777792      229 
15781888      229 
15785984      164 
15790080      203 
15794176      200 
15798272      232 
15802368      187 
15806464      497 
15810560      229 
15814656      229 
15818752      158 
15822848      226 
15826944      229 
15831040      226 
15835136      190 
15839232      426 
15843328      226 
15847424      229 
15851520      190 
15855616      232 
15859712      229 
15863808      229 
15867904      158 
15872000      449 
15876096      229 
15880192      232 
15884288      158 
15888384      229 
15892480      232 
15896576      232 
15900672      190 
15904768      423 
15908864      232 
15912960      235 
15917056      190 
15921152      229 
15925248      229 
15929344      226 
15933440      164 
15937536      458 
15941632      226 
15945728      229 
15949824      164 
15953920      232 
15958016      229 
15962112      232 
15966208      187 
15970304      420 
15974400      229 
15978496      229 
15982592      190 
15986688      226 
15990784      229 
15994880      229 
15998976      164 
16003072      468 
16007168      232 
16011264      226 
16015360      190 
16019456      229 
16023552      229 
16027648      229 
16031744      161 
16035840      449 
16039936      232 
16044032      235 
16048128      161 
16052224      232 
16056320      226 
16060416      226 
16064512      193 
16068608      429 
16072704      226 
16076800      229 
16080896      193 
16084992      232 
16089088      229 
16093184      232 
16097280      158 
16101376      449 
16105472      229 
16109568      229 
16113664      158 
16117760      226 
16121856      226 
16125952      229 
16130048      190 
16134144      426 
16138240      226 
16142336      226 
16146432      190 
16150528      229 
16154624      226 
16158720      232 
16162816      164 
16166912      452 
16171008      229 
16175104      197 
16179200      161 
16183296      229 
16187392      229 
16191488      232 
16195584      187 
16199680      512 
16203776      229 
16207872      998 
16211968      190 
16216064      792 
16220160      229 
16224256      226 
16228352     1004 
16232448      458 
16236544      226 
16240640      229 
16244736      161 
16248832      232 
16252928      229 
16257024      229 
16261120      190 
16265216      491 
16269312      229 
16273408      232 
16277504      158 
16281600      229 
16285696      232 
16289792      235 
16293888      190 
16297984      423 
16302080      232 
16306176      232 
16310272      190 
16314368      226 
16318464      226 
16322560      232 
16326656      164 
16330752      458 
16334848      229 
16338944      226 
16343040      164 
16347136      229 
16351232      232 
16355328      232 
16359424      193 
16363520      423 
16367616      232 
16371712      235 
16375808      190 
16379904      232 
16384000      229 
16388096      226 
16392192      161 
16396288      455 
16400384      226 
16404480      229 
16408576      161 
16412672      232 
16416768      294 
16420864      197 
16424960      161 
16429056      452 
16433152      197 
16437248      200 
16441344      161 
16445440      232 
16449536      229 
16453632      229 
16457728      190 
16461824      465 
16465920      203 
16470016      206 
16474112      161 
16478208      232 
16482304      226 
16486400      229 
16490496      161 
16494592      429 
16498688      226 
16502784      226 
16506880      161 
16510976      200 
16515072      200 
16519168      203 
16523264      161 
16527360      423 
16531456      203 
16535552      203 
16539648      161 
16543744      226 
16547840      226 
16551936      229 
16556032      164 
16560128      423 
16564224      229 
16568320      226 
16572416      164 
16576512      203 
16580608      203 
16584704      206 
16588800      158 
16592896      494 
16596992      229 
16601088      229 
16605184      161 
16609280      226 
16613376      229 
16617472      229 
16621568      196 
16625664      429 
16629760      226 
16633856      229 
16637952      193 
16642048      232 
16646144      229 
16650240      232 
16654336      161 
16658432      423 
16662528      232 
16666624      235 
16670720      161 
16674816      203 
16678912      200 
16683008      232 
16687104      187 
16691200      417 
16695296      229 
16699392      229 
16703488      190 
16707584      226 
16711680      229 
16715776      229 
16719872      164 
16723968      429 
16728064      229 
16732160      229 
16736256      164 
16740352      203 
16744448      200 
16748544     1081 
16752640      161 
16756736      423 
16760832      203 
16764928      206 
16769024      161 
16773120      229 
