# RDTSC correction=21
# R sum=0
# step=64
# N=200
# offset[-] time[clk] 
       0     1534 
      64      184 
     128      223 
     192      158 
     256        3 
     320      110 
     384       68 
     448       77 
     512      110 
     576        6 
     640      175 
     704        3 
     768       32 
     832        3 
     896       32 
     960        3 
    1024        3 
    1088        3 
    1152        3 
    1216        3 
    1280        3 
    1344        3 
    1408        3 
    1472       32 
    1536        3 
    1600       32 
    1664        3 
    1728       32 
    1792        3 
    1856        3 
    1920        3 
    1984        3 
    2048        3 
    2112        3 
    2176        3 
    2240        3 
    2304       32 
    2368        3 
    2432       32 
    2496        3 
    2560       32 
    2624        3 
    2688        3 
    2752        3 
    2816        3 
    2880        3 
    2944        3 
    3008        3 
    3072        3 
    3136       32 
    3200        3 
    3264       32 
    3328        3 
    3392        3 
    3456        3 
    3520        3 
    3584        3 
    3648        3 
    3712        3 
    3776        3 
    3840       32 
    3904        3 
    3968       32 
    4032        3 
    4096     1206 
    4160        3 
    4224        3 
    4288        3 
    4352        3 
    4416        3 
    4480        3 
    4544        3 
    4608       32 
    4672        3 
    4736       32 
    4800        3 
    4864       32 
    4928        3 
    4992        3 
    5056        3 
    5120        3 
    5184        3 
    5248        3 
    5312        3 
    5376        3 
    5440       32 
    5504        3 
    5568       32 
    5632        3 
    5696        3 
    5760        3 
    5824        3 
    5888        3 
    5952        3 
    6016        3 
    6080        3 
    6144       32 
    6208        3 
    6272       32 
    6336        3 
    6400       32 
    6464        3 
    6528        3 
    6592        3 
    6656        3 
    6720        3 
    6784        3 
    6848        3 
    6912        3 
    6976       32 
    7040        3 
    7104       32 
    7168        3 
    7232       32 
    7296        3 
    7360        3 
    7424        3 
    7488        3 
    7552        3 
    7616        3 
    7680        3 
    7744        3 
    7808       32 
    7872        3 
    7936       32 
    8000        3 
    8064        3 
    8128        3 
    8192     1170 
    8256        3 
    8320        0 
    8384        3 
    8448        3 
    8512        3 
    8576        0 
    8640        3 
    8704        3 
    8768       32 
    8832        3 
    8896       32 
    8960        3 
    9024        3 
    9088        3 
    9152        3 
    9216        3 
    9280        3 
    9344        3 
    9408        3 
    9472       32 
    9536        3 
    9600       32 
    9664        3 
    9728       32 
    9792        3 
    9856        3 
    9920        3 
    9984        3 
   10048        3 
   10112        3 
   10176        3 
   10240        3 
   10304       32 
   10368        3 
   10432       32 
   10496        3 
   10560       32 
   10624        3 
   10688        3 
   10752        3 
   10816        3 
   10880        3 
   10944        3 
   11008        3 
   11072        3 
   11136       32 
   11200        3 
   11264       32 
   11328        3 
   11392        3 
   11456        3 
   11520        3 
   11584        3 
   11648        3 
   11712        3 
   11776        3 
   11840       32 
   11904        3 
   11968       32 
   12032        3 
   12096       32 
   12160        3 
   12224        3 
   12288     1096 
   12352        3 
   12416       29 
   12480        3 
   12544        3 
   12608        3 
   12672        0 
   12736        3 
