# RDTSC correction=21
# R sum=0
# step=4
# N=1100
# offset[-] time[clk] 
       0     1445 
       4        3 
       8        3 
      12        3 
      16        3 
      20        3 
      24        3 
      28        3 
      32        3 
      36        3 
      40        3 
      44       32 
      48        3 
      52       32 
      56        3 
      60       32 
      64        3 
      68        3 
      72        3 
      76        3 
      80        3 
      84        3 
      88        3 
      92        3 
      96       32 
     100        3 
     104       32 
     108        3 
     112        3 
     116        3 
     120        3 
     124        3 
     128        3 
     132        3 
     136        3 
     140       32 
     144        3 
     148       32 
     152        3 
     156       32 
     160        3 
     164        3 
     168        3 
     172        3 
     176        3 
     180        3 
     184        3 
     188        3 
     192       32 
     196        3 
     200       32 
     204        3 
     208       32 
     212        3 
     216        3 
     220        3 
     224        3 
     228        3 
     232        3 
     236        3 
     240        3 
     244       32 
     248        3 
     252       32 
     256        3 
     260        3 
     264        3 
     268        3 
     272        3 
     276        3 
     280        3 
     284        3 
     288       32 
     292        3 
     296       32 
     300        3 
     304       32 
     308        3 
     312        3 
     316        3 
     320        3 
     324        3 
     328        3 
     332        3 
     336        3 
     340       32 
     344        3 
     348       32 
     352        3 
     356       32 
     360        3 
     364        3 
     368        3 
     372        3 
     376        3 
     380        3 
     384        3 
     388        3 
     392       32 
     396        3 
     400       32 
     404        3 
     408        3 
     412        3 
     416        3 
     420        3 
     424        3 
     428        3 
     432        3 
     436       32 
     440        3 
     444       32 
     448        3 
     452       32 
     456        3 
     460        3 
     464        3 
     468        3 
     472        3 
     476        3 
     480        3 
     484        3 
     488       32 
     492        3 
     496       32 
     500        3 
     504       32 
     508        3 
     512        3 
     516        3 
     520        3 
     524        3 
     528        3 
     532        3 
     536        3 
     540       32 
     544        3 
     548       32 
     552        3 
     556        3 
     560        3 
     564        3 
     568        3 
     572        3 
     576        3 
     580        3 
     584       32 
     588        3 
     592       32 
     596        3 
     600       32 
     604        3 
     608        3 
     612        3 
     616        3 
     620        3 
     624        3 
     628        3 
     632        3 
     636       32 
     640        3 
     644       32 
     648        3 
     652       32 
     656        3 
     660        3 
     664        3 
     668        3 
     672        3 
     676        3 
     680        3 
     684        3 
     688       32 
     692        3 
     696       32 
     700        3 
     704        3 
     708        3 
     712        3 
     716        3 
     720        3 
     724        3 
     728        3 
     732       32 
     736        3 
     740       32 
     744        3 
     748       32 
     752        3 
     756        3 
     760        3 
     764        3 
     768        3 
     772        3 
     776        3 
     780        3 
     784       32 
     788        3 
     792       32 
     796        3 
     800       32 
     804        3 
     808        3 
     812        3 
     816        3 
     820        3 
     824        3 
     828        3 
     832        3 
     836       32 
     840        3 
     844       32 
     848        3 
     852        3 
     856        3 
     860        3 
     864        3 
     868        3 
     872        3 
     876        3 
     880       32 
     884        3 
     888       32 
     892        3 
     896       32 
     900        3 
     904        3 
     908        3 
     912        3 
     916        3 
     920        3 
     924        3 
     928        3 
     932       32 
     936        3 
     940       32 
     944        3 
     948       32 
     952        3 
     956        3 
     960        3 
     964        3 
     968        3 
     972        3 
     976        3 
     980        3 
     984       32 
     988        3 
     992       32 
     996        3 
    1000        3 
    1004        3 
    1008        3 
    1012        3 
    1016        3 
    1020        3 
    1024        3 
    1028       32 
    1032        3 
    1036       32 
    1040        3 
    1044       32 
    1048        3 
    1052        3 
    1056        3 
    1060        3 
    1064        3 
    1068        3 
    1072        3 
    1076        3 
    1080       32 
    1084        3 
    1088       32 
    1092        3 
    1096       32 
    1100        3 
    1104        3 
    1108        3 
    1112        3 
    1116        3 
    1120        3 
    1124        3 
    1128        3 
    1132       32 
    1136        3 
    1140       32 
    1144        3 
    1148        3 
    1152        3 
    1156        3 
    1160        3 
    1164        3 
    1168        3 
    1172        3 
    1176       32 
    1180        3 
    1184       32 
    1188        3 
    1192       32 
    1196        3 
    1200        3 
    1204        3 
    1208        3 
    1212        3 
    1216        3 
    1220        3 
    1224        3 
    1228       32 
    1232        3 
    1236       32 
    1240        3 
    1244       32 
    1248        3 
    1252        3 
    1256        3 
    1260        3 
    1264        3 
    1268        3 
    1272        3 
    1276        3 
    1280       32 
    1284        3 
    1288       32 
    1292        3 
    1296        3 
    1300        3 
    1304        3 
    1308        3 
    1312        3 
    1316        3 
    1320        3 
    1324       32 
    1328        3 
    1332       32 
    1336        3 
    1340       32 
    1344        3 
    1348        3 
    1352        3 
    1356        3 
    1360        3 
    1364        3 
    1368        3 
    1372        3 
    1376       32 
    1380        3 
    1384       32 
    1388        3 
    1392       32 
    1396        3 
    1400        3 
    1404       12 
    1408        3 
    1412        3 
    1416        3 
    1420        3 
    1424        3 
    1428        3 
    1432        3 
    1436       32 
    1440        3 
    1444       32 
    1448        3 
    1452        3 
    1456        3 
    1460        3 
    1464        3 
    1468        3 
    1472        3 
    1476        3 
    1480       32 
    1484        3 
    1488       32 
    1492        3 
    1496       32 
    1500        3 
    1504        3 
    1508        3 
    1512        3 
    1516        3 
    1520        3 
    1524        3 
    1528        3 
    1532       32 
    1536        3 
    1540       32 
    1544        3 
    1548       32 
    1552        3 
    1556        3 
    1560        3 
    1564        3 
    1568        3 
    1572        3 
    1576        3 
    1580        3 
    1584       32 
    1588        3 
    1592       32 
    1596        3 
    1600        3 
    1604        3 
    1608        3 
    1612        3 
    1616        3 
    1620        3 
    1624        3 
    1628       32 
    1632        3 
    1636       32 
    1640        3 
    1644       32 
    1648        3 
    1652        3 
    1656        3 
    1660        3 
    1664        3 
    1668        3 
    1672        3 
    1676        3 
    1680       32 
    1684        3 
    1688       32 
    1692        3 
    1696       32 
    1700        3 
    1704        3 
    1708        3 
    1712        3 
    1716        3 
    1720        3 
    1724        3 
    1728        3 
    1732       32 
    1736        3 
    1740       32 
    1744        3 
    1748        3 
    1752        3 
    1756        3 
    1760        3 
    1764        3 
    1768        3 
    1772        3 
    1776       32 
    1780        3 
    1784       32 
    1788        3 
    1792       32 
    1796        3 
    1800        3 
    1804        3 
    1808        3 
    1812        3 
    1816        3 
    1820        3 
    1824        3 
    1828       32 
    1832        3 
    1836       32 
    1840        3 
    1844       32 
    1848        3 
    1852        3 
    1856        3 
    1860        3 
    1864        3 
    1868        3 
    1872        3 
    1876        3 
    1880       32 
    1884        3 
    1888       32 
    1892        3 
    1896        3 
    1900        3 
    1904        3 
    1908        3 
    1912        3 
    1916        3 
    1920        3 
    1924       32 
    1928        3 
    1932       32 
    1936        3 
    1940       32 
    1944        3 
    1948        3 
    1952        3 
    1956        3 
    1960        3 
    1964        3 
    1968        3 
    1972        3 
    1976       32 
    1980        3 
    1984       32 
    1988        3 
    1992       32 
    1996        3 
    2000        3 
    2004        3 
    2008        3 
    2012        3 
    2016        3 
    2020        3 
    2024        3 
    2028       32 
    2032        3 
    2036       32 
    2040        3 
    2044        3 
    2048        3 
    2052        3 
    2056        3 
    2060        3 
    2064        3 
    2068        3 
    2072       32 
    2076        3 
    2080       32 
    2084        3 
    2088       32 
    2092        3 
    2096        3 
    2100        3 
    2104        3 
    2108        3 
    2112        3 
    2116        3 
    2120        3 
    2124       32 
    2128        3 
    2132       32 
    2136        3 
    2140       32 
    2144        3 
    2148        3 
    2152        3 
    2156        3 
    2160        3 
    2164        3 
    2168        3 
    2172        3 
    2176       32 
    2180        3 
    2184       32 
    2188        3 
    2192        3 
    2196        3 
    2200        3 
    2204        3 
    2208        3 
    2212        3 
    2216        3 
    2220       32 
    2224        3 
    2228       32 
    2232        3 
    2236       32 
    2240        3 
    2244        3 
    2248        3 
    2252        3 
    2256        3 
    2260        3 
    2264        3 
    2268        3 
    2272       32 
    2276        3 
    2280       32 
    2284        3 
    2288       32 
    2292        3 
    2296        3 
    2300        3 
    2304        3 
    2308        3 
    2312        3 
    2316        3 
    2320        3 
    2324       32 
    2328        3 
    2332       32 
    2336        3 
    2340        3 
    2344        3 
    2348        3 
    2352        3 
    2356        3 
    2360        3 
    2364        3 
    2368       32 
    2372        3 
    2376       32 
    2380        3 
    2384       32 
    2388        3 
    2392        3 
    2396        3 
    2400        3 
    2404        3 
    2408        3 
    2412        3 
    2416        3 
    2420       32 
    2424        3 
    2428       32 
    2432        3 
    2436       32 
    2440        3 
    2444        3 
    2448        3 
    2452        3 
    2456        3 
    2460        3 
    2464        3 
    2468        3 
    2472       32 
    2476        3 
    2480       32 
    2484        3 
    2488        3 
    2492        3 
    2496        3 
    2500        3 
    2504        3 
    2508        3 
    2512        3 
    2516       32 
    2520        3 
    2524       32 
    2528        3 
    2532       32 
    2536        3 
    2540        3 
    2544        3 
    2548        3 
    2552        3 
    2556        3 
    2560        3 
    2564        3 
    2568       32 
    2572        3 
    2576       32 
    2580        3 
    2584       32 
    2588        3 
    2592        3 
    2596        3 
    2600        3 
    2604        3 
    2608        3 
    2612        3 
    2616        3 
    2620       32 
    2624        3 
    2628       32 
    2632        3 
    2636        3 
    2640        3 
    2644        3 
    2648        3 
    2652        3 
    2656        3 
    2660        3 
    2664       32 
    2668        3 
    2672       32 
    2676        3 
    2680       32 
    2684        3 
    2688        3 
    2692        3 
    2696        3 
    2700        3 
    2704        3 
    2708        3 
    2712        3 
    2716       32 
    2720        3 
    2724       32 
    2728        3 
    2732       32 
    2736        3 
    2740        3 
    2744        3 
    2748        3 
    2752        3 
    2756        3 
    2760        3 
    2764        3 
    2768       32 
    2772        3 
    2776       32 
    2780        3 
    2784        3 
    2788        3 
    2792        3 
    2796        3 
    2800        3 
    2804        3 
    2808        3 
    2812       32 
    2816        3 
    2820       32 
    2824        3 
    2828       32 
    2832        3 
    2836        3 
    2840        3 
    2844        3 
    2848        3 
    2852        3 
    2856        3 
    2860        3 
    2864       32 
    2868        3 
    2872       32 
    2876        3 
    2880       32 
    2884        3 
    2888        3 
    2892        3 
    2896        3 
    2900        3 
    2904        3 
    2908        3 
    2912        3 
    2916       32 
    2920        3 
    2924       32 
    2928        3 
    2932        3 
    2936        3 
    2940        3 
    2944        3 
    2948        3 
    2952        3 
    2956        3 
    2960       32 
    2964        3 
    2968       32 
    2972        3 
    2976       32 
    2980        3 
    2984        3 
    2988        3 
    2992        3 
    2996        3 
    3000        3 
    3004        3 
    3008        3 
    3012       32 
    3016        3 
    3020       32 
    3024        3 
    3028       32 
    3032        3 
    3036        3 
    3040        3 
    3044        3 
    3048        3 
    3052        3 
    3056        3 
    3060        3 
    3064       32 
    3068        3 
    3072       32 
    3076        3 
    3080        3 
    3084        3 
    3088        3 
    3092        3 
    3096        3 
    3100        3 
    3104        3 
    3108       32 
    3112        3 
    3116       32 
    3120        3 
    3124       32 
    3128        3 
    3132        3 
    3136        3 
    3140        3 
    3144        3 
    3148        3 
    3152        3 
    3156        3 
    3160       32 
    3164        3 
    3168       32 
    3172        3 
    3176       32 
    3180        3 
    3184        3 
    3188        3 
    3192        3 
    3196        3 
    3200        3 
    3204        3 
    3208        3 
    3212       32 
    3216        3 
    3220       32 
    3224        3 
    3228        3 
    3232        3 
    3236        3 
    3240        3 
    3244        3 
    3248        3 
    3252        3 
    3256       32 
    3260        3 
    3264       32 
    3268        3 
    3272       32 
    3276        3 
    3280        3 
    3284        3 
    3288        3 
    3292        3 
    3296        3 
    3300        3 
    3304        3 
    3308       32 
    3312        3 
    3316       32 
    3320        3 
    3324       32 
    3328        3 
    3332        3 
    3336        3 
    3340        3 
    3344        3 
    3348        3 
    3352        3 
    3356        3 
    3360       32 
    3364        3 
    3368       32 
    3372        3 
    3376        3 
    3380        3 
    3384        3 
    3388        3 
    3392        3 
    3396        3 
    3400        3 
    3404       32 
    3408        3 
    3412       32 
    3416        3 
    3420       32 
    3424        3 
    3428        3 
    3432        3 
    3436        3 
    3440        3 
    3444        3 
    3448        3 
    3452        3 
    3456       32 
    3460        3 
    3464       32 
    3468        3 
    3472       32 
    3476        3 
    3480        3 
    3484        3 
    3488        3 
    3492        3 
    3496        3 
    3500        3 
    3504        3 
    3508       32 
    3512        3 
    3516       32 
    3520        3 
    3524        3 
    3528        3 
    3532        3 
    3536        3 
    3540        3 
    3544        3 
    3548        3 
    3552       32 
    3556        3 
    3560       32 
    3564        3 
    3568       32 
    3572        3 
    3576        3 
    3580        3 
    3584        3 
    3588        3 
    3592        3 
    3596        3 
    3600        3 
    3604       32 
    3608        3 
    3612       32 
    3616        3 
    3620       32 
    3624        3 
    3628        3 
    3632        3 
    3636        3 
    3640        3 
    3644        3 
    3648        3 
    3652        3 
    3656       32 
    3660        3 
    3664       32 
    3668        3 
    3672        3 
    3676        3 
    3680        3 
    3684        3 
    3688        3 
    3692        3 
    3696        3 
    3700       32 
    3704        3 
    3708       32 
    3712        3 
    3716       32 
    3720        3 
    3724        3 
    3728        3 
    3732        3 
    3736        3 
    3740        3 
    3744        3 
    3748        3 
    3752       32 
    3756        3 
    3760       32 
    3764        3 
    3768       32 
    3772        3 
    3776        3 
    3780        3 
    3784        3 
    3788        3 
    3792        3 
    3796        3 
    3800        3 
    3804       32 
    3808        3 
    3812       32 
    3816        3 
    3820        3 
    3824        3 
    3828        3 
    3832        3 
    3836        3 
    3840        3 
    3844        3 
    3848       32 
    3852        3 
    3856       32 
    3860        3 
    3864       32 
    3868        3 
    3872        3 
    3876        3 
    3880        3 
    3884        3 
    3888        3 
    3892        3 
    3896        3 
    3900       32 
    3904        3 
    3908       32 
    3912        3 
    3916       32 
    3920        3 
    3924        3 
    3928        3 
    3932        3 
    3936        3 
    3940        3 
    3944        3 
    3948        3 
    3952       32 
    3956        3 
    3960       32 
    3964        3 
    3968        3 
    3972        3 
    3976        3 
    3980        3 
    3984        3 
    3988        3 
    3992        3 
    3996       32 
    4000        3 
    4004       32 
    4008        3 
    4012       32 
    4016        3 
    4020        3 
    4024        3 
    4028        3 
    4032        3 
    4036        3 
    4040        3 
    4044        3 
    4048       32 
    4052        3 
    4056       32 
    4060        3 
    4064       32 
    4068        3 
    4072        3 
    4076        3 
    4080        3 
    4084        3 
    4088        3 
    4092        3 
    4096     1123 
    4100       29 
    4104        3 
    4108       32 
    4112        3 
    4116        0 
    4120        3 
    4124        3 
    4128        3 
    4132        0 
    4136       32 
    4140        3 
    4144       32 
    4148        0 
    4152       32 
    4156        3 
    4160        3 
    4164        0 
    4168        3 
    4172        3 
    4176        3 
    4180       32 
    4184        3 
    4188       32 
    4192        3 
    4196       32 
    4200        3 
    4204        3 
    4208        3 
    4212        3 
    4216        3 
    4220        3 
    4224        3 
    4228        3 
    4232       32 
    4236        3 
    4240       32 
    4244        3 
    4248       32 
    4252        3 
    4256        3 
    4260        3 
    4264        3 
    4268        3 
    4272        3 
    4276        3 
    4280        3 
    4284       32 
    4288        3 
    4292       32 
    4296        3 
    4300        3 
    4304        3 
    4308        3 
    4312        3 
    4316        3 
    4320        3 
    4324        3 
    4328       32 
    4332        3 
    4336       32 
    4340        3 
    4344       32 
    4348        3 
    4352        3 
    4356        3 
    4360        3 
    4364        3 
    4368        3 
    4372        3 
    4376        3 
    4380       32 
    4384        3 
    4388       32 
    4392        3 
    4396       32 
