# RDTSC correction=24
# R sum=0
# step=256
# N=100
# offset[-] time[clk] 
       0     1492 
     256       65 
     512      217 
     768      211 
    1024        0 
    1280      172 
    1536        0 
    1792      172 
    2048        0 
    2304      175 
    2560        0 
    2816      175 
    3072        0 
    3328      107 
    3584       29 
    3840      104 
    4096     1203 
    4352        0 
    4608       29 
    4864        0 
    5120       29 
    5376        0 
    5632        0 
    5888        0 
    6144        0 
    6400        0 
    6656        0 
    6912        0 
    7168        0 
    7424       29 
    7680        0 
    7936       29 
    8192     1096 
    8448        0 
    8704        0 
    8960        0 
    9216       29 
    9472        0 
    9728       29 
    9984        0 
   10240        0 
   10496        0 
   10752        0 
   11008        0 
   11264        0 
   11520        0 
   11776        0 
   12032       29 
   12288     1093 
   12544        0 
   12800        0 
   13056        0 
   13312       29 
   13568        0 
   13824       26 
   14080        0 
   14336        0 
   14592        0 
   14848        0 
   15104        0 
   15360        0 
   15616        0 
   15872        0 
   16128       29 
   16384     1090 
   16640        0 
   16896        0 
   17152        0 
   17408       29 
   17664        0 
   17920       29 
   18176        0 
   18432       29 
   18688        0 
   18944        0 
   19200        0 
   19456        0 
   19712        0 
   19968        0 
   20224       29 
   20480     1096 
   20736        0 
   20992        0 
   21248        0 
   21504        0 
   21760        0 
   22016       29 
   22272        0 
   22528       26 
   22784        0 
   23040        0 
   23296        0 
   23552        0 
   23808        0 
   24064        0 
   24320        0 
   24576     1087 
   24832        0 
   25088        0 
   25344        0 
