# RDTSC correction=21
# R sum=0
# step=8
# N=550
# offset[-] time[clk] 
       0     1620 
       8       32 
      16        3 
      24        3 
      32        3 
      40       32 
      48        3 
      56       32 
      64        3 
      72       32 
      80        3 
      88        3 
      96        3 
     104        3 
     112        3 
     120        3 
     128        3 
     136        3 
     144       32 
     152        3 
     160       32 
     168        3 
     176       32 
     184        3 
     192        3 
     200        3 
     208        3 
     216        3 
     224        3 
     232        3 
     240        3 
     248       32 
     256        3 
     264       32 
     272        3 
     280        3 
     288        3 
     296        3 
     304        3 
     312        3 
     320        3 
     328        3 
     336       32 
     344        3 
     352       32 
     360        3 
     368       32 
     376        3 
     384        3 
     392        3 
     400        3 
     408        3 
     416        3 
     424        3 
     432        3 
     440       32 
     448        3 
     456       32 
     464        3 
     472       32 
     480        3 
     488        3 
     496        3 
     504        3 
     512        3 
     520        3 
     528        3 
     536        3 
     544       32 
     552        3 
     560       32 
     568        3 
     576        3 
     584        3 
     592        3 
     600        3 
     608        3 
     616        3 
     624        3 
     632       32 
     640        3 
     648       32 
     656        3 
     664       32 
     672        3 
     680        3 
     688        3 
     696        3 
     704        3 
     712        3 
     720        3 
     728        3 
     736       32 
     744        3 
     752       32 
     760        3 
     768       32 
     776        3 
     784        3 
     792        3 
     800        3 
     808        3 
     816        3 
     824        3 
     832        3 
     840       32 
     848        3 
     856       32 
     864        3 
     872        3 
     880        3 
     888        3 
     896        3 
     904        3 
     912        3 
     920        3 
     928       32 
     936        3 
     944       32 
     952        3 
     960       32 
     968        3 
     976        3 
     984        3 
     992        3 
    1000        3 
    1008        3 
    1016        3 
    1024        3 
    1032       32 
    1040        3 
    1048       32 
    1056        3 
    1064       32 
    1072        3 
    1080        3 
    1088        3 
    1096        3 
    1104        3 
    1112        3 
    1120        3 
    1128        3 
    1136       32 
    1144        3 
    1152       32 
    1160        3 
    1168        3 
    1176        3 
    1184        3 
    1192        3 
    1200        3 
    1208        3 
    1216        3 
    1224       32 
    1232        3 
    1240       32 
    1248        3 
    1256       32 
    1264        3 
    1272        3 
    1280        3 
    1288        3 
    1296        3 
    1304        3 
    1312        3 
    1320        3 
    1328       32 
    1336        3 
    1344       32 
    1352        3 
    1360       32 
    1368        3 
    1376        3 
    1384        3 
    1392        3 
    1400        3 
    1408        3 
    1416        3 
    1424        3 
    1432       32 
    1440        3 
    1448       32 
    1456        3 
    1464        3 
    1472        3 
    1480        3 
    1488        3 
    1496        3 
    1504        3 
    1512        3 
    1520       32 
    1528        3 
    1536       32 
    1544        3 
    1552       32 
    1560        3 
    1568        3 
    1576        3 
    1584        3 
    1592        3 
    1600        3 
    1608        3 
    1616        3 
    1624       32 
    1632        3 
    1640       32 
    1648        3 
    1656       32 
    1664        3 
    1672        3 
    1680        3 
    1688        3 
    1696        3 
    1704        3 
    1712        3 
    1720        3 
    1728       32 
    1736        3 
    1744       32 
    1752        3 
    1760        3 
    1768        3 
    1776        3 
    1784        3 
    1792        3 
    1800        3 
    1808        3 
    1816       32 
    1824        3 
    1832       32 
    1840        3 
    1848       32 
    1856        3 
    1864        3 
    1872        3 
    1880        3 
    1888        3 
    1896        3 
    1904        3 
    1912        3 
    1920       32 
    1928        3 
    1936       32 
    1944        3 
    1952       32 
    1960        3 
    1968        3 
    1976        3 
    1984        3 
    1992        3 
    2000        3 
    2008        3 
    2016        3 
    2024       32 
    2032        3 
    2040       32 
    2048        3 
    2056        3 
    2064        3 
    2072        3 
    2080        3 
    2088        3 
    2096        3 
    2104        3 
    2112       32 
    2120        3 
    2128       32 
    2136        3 
    2144       32 
    2152        3 
    2160        3 
    2168        3 
    2176        3 
    2184        3 
    2192        3 
    2200        3 
    2208        3 
    2216       32 
    2224        3 
    2232       32 
    2240        3 
    2248       32 
    2256        3 
    2264        3 
    2272        3 
    2280        3 
    2288        3 
    2296        3 
    2304        3 
    2312        3 
    2320       32 
    2328        3 
    2336       32 
    2344        3 
    2352        3 
    2360        3 
    2368        3 
    2376        3 
    2384        3 
    2392        3 
    2400        3 
    2408       32 
    2416        3 
    2424       32 
    2432        3 
    2440       32 
    2448        3 
    2456        3 
    2464        3 
    2472        3 
    2480        3 
    2488        3 
    2496        3 
    2504        3 
    2512       32 
    2520        3 
    2528       32 
    2536        3 
    2544       32 
    2552        3 
    2560        3 
    2568        3 
    2576        3 
    2584        3 
    2592        3 
    2600        3 
    2608        3 
    2616       32 
    2624        3 
    2632       32 
    2640        3 
    2648        3 
    2656        3 
    2664        3 
    2672        3 
    2680        3 
    2688        3 
    2696        3 
    2704       32 
    2712        3 
    2720       32 
    2728        3 
    2736       32 
    2744        3 
    2752        3 
    2760        3 
    2768        3 
    2776        3 
    2784        3 
    2792        3 
    2800        3 
    2808       32 
    2816        3 
    2824       32 
    2832        3 
    2840       32 
    2848        3 
    2856        3 
    2864        3 
    2872        3 
    2880        3 
    2888        3 
    2896        3 
    2904        3 
    2912       32 
    2920        3 
    2928       32 
    2936        3 
    2944        3 
    2952        3 
    2960        3 
    2968        3 
    2976        3 
    2984        3 
    2992        3 
    3000       32 
    3008        3 
    3016       32 
    3024        3 
    3032       32 
    3040        3 
    3048        3 
    3056        3 
    3064        3 
    3072        3 
    3080        3 
    3088        3 
    3096        3 
    3104       32 
    3112        3 
    3120       32 
    3128        3 
    3136       32 
    3144        3 
    3152        3 
    3160        3 
    3168        3 
    3176        3 
    3184        3 
    3192        3 
    3200        3 
    3208       32 
    3216        3 
    3224       32 
    3232        3 
    3240        3 
    3248        3 
    3256        3 
    3264        3 
    3272        3 
    3280        3 
    3288        3 
    3296       32 
    3304        3 
    3312       32 
    3320        3 
    3328       32 
    3336        3 
    3344        3 
    3352        3 
    3360        3 
    3368        3 
    3376        3 
    3384        3 
    3392        3 
    3400       32 
    3408        3 
    3416       32 
    3424        3 
    3432       32 
    3440        3 
    3448        3 
    3456        3 
    3464        3 
    3472        3 
    3480        3 
    3488        3 
    3496        3 
    3504       32 
    3512        3 
    3520       32 
    3528        3 
    3536        3 
    3544        3 
    3552        3 
    3560        3 
    3568        3 
    3576        3 
    3584        3 
    3592       32 
    3600        3 
    3608       32 
    3616        3 
    3624       32 
    3632        3 
    3640        3 
    3648        3 
    3656        3 
    3664        3 
    3672        3 
    3680        3 
    3688        3 
    3696       32 
    3704        3 
    3712       32 
    3720        3 
    3728       32 
    3736        3 
    3744        3 
    3752        3 
    3760        3 
    3768        3 
    3776        3 
    3784        3 
    3792        3 
    3800       32 
    3808        3 
    3816       32 
    3824        3 
    3832        3 
    3840        3 
    3848        3 
    3856        3 
    3864        3 
    3872        3 
    3880        3 
    3888       32 
    3896        3 
    3904       32 
    3912        3 
    3920       32 
    3928        3 
    3936        3 
    3944        3 
    3952        3 
    3960        3 
    3968        3 
    3976        3 
    3984        3 
    3992       32 
    4000        3 
    4008       32 
    4016        3 
    4024       32 
    4032        3 
    4040        3 
    4048        3 
    4056        3 
    4064        3 
    4072        3 
    4080        3 
    4088        3 
    4096     1155 
    4104        3 
    4112       32 
    4120        0 
    4128        3 
    4136        3 
    4144        3 
    4152        0 
    4160        3 
    4168        3 
    4176        3 
    4184       32 
    4192        3 
    4200       32 
    4208        3 
    4216       32 
    4224        3 
    4232        3 
    4240        3 
    4248        3 
    4256        3 
    4264        3 
    4272        3 
    4280        3 
    4288       32 
    4296        3 
    4304       32 
    4312        3 
    4320        3 
    4328        3 
    4336        3 
    4344        3 
    4352        3 
    4360        3 
    4368        3 
    4376       32 
    4384        3 
    4392       32 
