Measuring matrix multiplication algorithms
Linux pcperinger 3.16.0-4-amd64 #1 SMP Debian 3.16.36-1+deb8u2 (2016-10-19) x86_64 GNU/Linux
Tue 29 Nov 19:17:33 CET 2016
CFLAGS=-O0 -O2 -O3 -O3 -funroll-loops

N=400
0.28 seconds
0.04 seconds
0.02 seconds
0.02 seconds

N=416
0.31 seconds
0.04 seconds
0.02 seconds
0.02 seconds

N=432
0.36 seconds
0.04 seconds
0.03 seconds
0.02 seconds

N=448
0.30 seconds
0.05 seconds
0.03 seconds
0.02 seconds

N=464
0.29 seconds
0.06 seconds
0.03 seconds
0.03 seconds

N=480
0.39 seconds
0.06 seconds
0.04 seconds
0.03 seconds

N=496
0.43 seconds
0.07 seconds
0.04 seconds
0.03 seconds

N=512
0.40 seconds
0.07 seconds
0.04 seconds
0.04 seconds

N=528
0.52 seconds
0.08 seconds
0.05 seconds
0.04 seconds

N=544
0.57 seconds
0.09 seconds
0.05 seconds
0.04 seconds

N=560
0.51 seconds
0.10 seconds
0.06 seconds
0.05 seconds

N=576
0.72 seconds
0.12 seconds
0.06 seconds
0.05 seconds

N=592
0.90 seconds
0.12 seconds
0.07 seconds
0.06 seconds

N=608
1.00 seconds
0.12 seconds
0.07 seconds
0.06 seconds

N=624
0.69 seconds
0.13 seconds
0.08 seconds
0.07 seconds

N=640
0.96 seconds
0.15 seconds
0.09 seconds
0.08 seconds

N=656
1.21 seconds
0.16 seconds
0.09 seconds
0.09 seconds

N=672
1.31 seconds
0.18 seconds
0.11 seconds
0.08 seconds

N=688
0.93 seconds
0.18 seconds
0.10 seconds
0.09 seconds

N=704
1.53 seconds
0.20 seconds
0.11 seconds
0.10 seconds

N=720
1.08 seconds
0.22 seconds
0.13 seconds
0.11 seconds

N=736
1.17 seconds
0.23 seconds
0.14 seconds
0.16 seconds

N=752
1.23 seconds
0.24 seconds
0.15 seconds
0.13 seconds

N=768
1.73 seconds
0.25 seconds
0.15 seconds
0.14 seconds

N=784
1.41 seconds
0.28 seconds
0.17 seconds
0.16 seconds

N=800
2.25 seconds
0.30 seconds
0.20 seconds
0.17 seconds

N=816
1.56 seconds
0.32 seconds
0.20 seconds
0.20 seconds

N=832
2.50 seconds
0.34 seconds
0.21 seconds
0.20 seconds

N=848
1.74 seconds
0.36 seconds
0.23 seconds
0.20 seconds

N=864
2.88 seconds
0.39 seconds
0.25 seconds
0.22 seconds

N=880
1.95 seconds
0.41 seconds
0.27 seconds
0.25 seconds

N=896
2.41 seconds
0.44 seconds
0.29 seconds
0.26 seconds

N=912
2.17 seconds
0.46 seconds
0.31 seconds
0.29 seconds

N=928
2.28 seconds
0.48 seconds
0.33 seconds
0.30 seconds

N=944
2.40 seconds
0.52 seconds
0.35 seconds
0.32 seconds

N=960
3.11 seconds
0.55 seconds
0.37 seconds
0.34 seconds

N=976
2.67 seconds
0.60 seconds
0.45 seconds
0.40 seconds

N=992
3.44 seconds
0.61 seconds
0.43 seconds
0.39 seconds

N=1008
3.63 seconds
0.65 seconds
0.46 seconds
0.43 seconds

N=1024
3.22 seconds
0.69 seconds
0.48 seconds
0.45 seconds

N=1040
3.97 seconds
0.72 seconds
0.51 seconds
0.47 seconds

N=1056
4.16 seconds
0.75 seconds
0.53 seconds
0.49 seconds

N=1072
3.55 seconds
0.79 seconds
0.56 seconds
0.52 seconds

N=1088
4.56 seconds
0.83 seconds
0.59 seconds
0.55 seconds

N=1104
3.88 seconds
0.86 seconds
0.62 seconds
0.58 seconds

N=1120
4.05 seconds
0.91 seconds
0.64 seconds
0.60 seconds

N=1136
4.22 seconds
0.95 seconds
0.68 seconds
0.63 seconds

N=1152
5.72 seconds
0.99 seconds
0.72 seconds
0.67 seconds

N=1168
6.86 seconds
1.04 seconds
0.74 seconds
0.70 seconds

N=1184
7.15 seconds
1.08 seconds
0.80 seconds
0.73 seconds

N=1200
5.00 seconds
1.12 seconds
0.81 seconds
0.80 seconds

N=1216
7.86 seconds
1.18 seconds
0.84 seconds
0.80 seconds

N=1232
5.40 seconds
1.21 seconds
0.87 seconds
0.83 seconds

N=1248
5.60 seconds
1.27 seconds
0.92 seconds
0.87 seconds

N=1264
5.80 seconds
1.32 seconds
0.95 seconds
0.91 seconds

N=1280
7.78 seconds
1.38 seconds
1.00 seconds
0.97 seconds

N=1296
9.41 seconds
1.42 seconds
1.04 seconds
0.99 seconds

N=1312
9.76 seconds
1.49 seconds
1.08 seconds
1.03 seconds

N=1328
6.77 seconds
1.52 seconds
1.11 seconds
1.07 seconds

N=1344
10.45 seconds
1.59 seconds
1.15 seconds
1.11 seconds

N=1360
7.40 seconds
1.69 seconds
1.41 seconds
1.32 seconds

N=1376
7.60 seconds
1.74 seconds
1.44 seconds
1.28 seconds

N=1392
7.99 seconds
1.82 seconds
1.42 seconds
1.26 seconds


Tue 29 Nov 19:22:51 CET 2016

